The system is: Darwin - 15.0.0 - x86_64
Compiling the CXX compiler identification source file "CMakeCXXCompilerId.cpp" succeeded.
Compiler: /Applications/Xcode.app/Contents/Developer/Toolchains/XcodeDefault.xctoolchain/usr/bin/c++ 
Build flags: 
Id flags: 

The output was:
0


Compilation of the CXX compiler identification source "CMakeCXXCompilerId.cpp" produced "a.out"

The CXX compiler identification is AppleClang, found in "/Users/stevenjames/Documents/libcmaes/eigen/lapack/CMakeFiles/3.4.0/CompilerIdCXX/a.out"

Determining if the CXX compiler works passed with the following output:
Change Dir: /Users/stevenjames/Documents/libcmaes/eigen/lapack/CMakeFiles/CMakeTmp

Run Build Command:"/usr/local/bin/gmake" "cmTC_5dbfe/fast"
/usr/local/bin/gmake -f CMakeFiles/cmTC_5dbfe.dir/build.make CMakeFiles/cmTC_5dbfe.dir/build
gmake[1]: Entering directory '/Users/stevenjames/Documents/libcmaes/eigen/lapack/CMakeFiles/CMakeTmp'
Building CXX object CMakeFiles/cmTC_5dbfe.dir/testCXXCompiler.cxx.o
/Applications/Xcode.app/Contents/Developer/Toolchains/XcodeDefault.xctoolchain/usr/bin/c++      -o CMakeFiles/cmTC_5dbfe.dir/testCXXCompiler.cxx.o -c /Users/stevenjames/Documents/libcmaes/eigen/lapack/CMakeFiles/CMakeTmp/testCXXCompiler.cxx
Linking CXX executable cmTC_5dbfe
/usr/local/Cellar/cmake/3.4.0/bin/cmake -E cmake_link_script CMakeFiles/cmTC_5dbfe.dir/link.txt --verbose=1
/Applications/Xcode.app/Contents/Developer/Toolchains/XcodeDefault.xctoolchain/usr/bin/c++     -Wl,-search_paths_first -Wl,-headerpad_max_install_names  -L/usr/local/opt/lapack/lib  CMakeFiles/cmTC_5dbfe.dir/testCXXCompiler.cxx.o  -o cmTC_5dbfe  
gmake[1]: Leaving directory '/Users/stevenjames/Documents/libcmaes/eigen/lapack/CMakeFiles/CMakeTmp'


Detecting CXX compiler ABI info compiled with the following output:
Change Dir: /Users/stevenjames/Documents/libcmaes/eigen/lapack/CMakeFiles/CMakeTmp

Run Build Command:"/usr/local/bin/gmake" "cmTC_3ef9c/fast"
/usr/local/bin/gmake -f CMakeFiles/cmTC_3ef9c.dir/build.make CMakeFiles/cmTC_3ef9c.dir/build
gmake[1]: Entering directory '/Users/stevenjames/Documents/libcmaes/eigen/lapack/CMakeFiles/CMakeTmp'
Building CXX object CMakeFiles/cmTC_3ef9c.dir/CMakeCXXCompilerABI.cpp.o
/Applications/Xcode.app/Contents/Developer/Toolchains/XcodeDefault.xctoolchain/usr/bin/c++      -o CMakeFiles/cmTC_3ef9c.dir/CMakeCXXCompilerABI.cpp.o -c /usr/local/Cellar/cmake/3.4.0/share/cmake/Modules/CMakeCXXCompilerABI.cpp
Linking CXX executable cmTC_3ef9c
/usr/local/Cellar/cmake/3.4.0/bin/cmake -E cmake_link_script CMakeFiles/cmTC_3ef9c.dir/link.txt --verbose=1
/Applications/Xcode.app/Contents/Developer/Toolchains/XcodeDefault.xctoolchain/usr/bin/c++     -Wl,-search_paths_first -Wl,-headerpad_max_install_names  -L/usr/local/opt/lapack/lib -v -Wl,-v CMakeFiles/cmTC_3ef9c.dir/CMakeCXXCompilerABI.cpp.o  -o cmTC_3ef9c   
Apple LLVM version 7.0.0 (clang-700.1.76)
Target: x86_64-apple-darwin15.0.0
Thread model: posix
 "/Applications/Xcode.app/Contents/Developer/Toolchains/XcodeDefault.xctoolchain/usr/bin/ld" -demangle -dynamic -arch x86_64 -macosx_version_min 10.11.0 -o cmTC_3ef9c -L/usr/local/opt/lapack/lib -search_paths_first -headerpad_max_install_names -v CMakeFiles/cmTC_3ef9c.dir/CMakeCXXCompilerABI.cpp.o -lc++ -lSystem /Applications/Xcode.app/Contents/Developer/Toolchains/XcodeDefault.xctoolchain/usr/bin/../lib/clang/7.0.0/lib/darwin/libclang_rt.osx.a
@(#)PROGRAM:ld  PROJECT:ld64-253.6
configured to support archs: armv6 armv7 armv7s arm64 i386 x86_64 x86_64h armv6m armv7k armv7m armv7em (tvOS)
Library search paths:
	/usr/local/opt/lapack/lib
	/usr/lib
	/usr/local/lib
Framework search paths:
	/Library/Frameworks/
	/System/Library/Frameworks/
gmake[1]: Leaving directory '/Users/stevenjames/Documents/libcmaes/eigen/lapack/CMakeFiles/CMakeTmp'


Parsed CXX implicit link information from above output:
  link line regex: [^( *|.*[/\])(ld|([^/\]+-)?ld|collect2)[^/\]*( |$)]
  ignore line: [Change Dir: /Users/stevenjames/Documents/libcmaes/eigen/lapack/CMakeFiles/CMakeTmp]
  ignore line: []
  ignore line: [Run Build Command:"/usr/local/bin/gmake" "cmTC_3ef9c/fast"]
  ignore line: [/usr/local/bin/gmake -f CMakeFiles/cmTC_3ef9c.dir/build.make CMakeFiles/cmTC_3ef9c.dir/build]
  ignore line: [gmake[1]: Entering directory '/Users/stevenjames/Documents/libcmaes/eigen/lapack/CMakeFiles/CMakeTmp']
  ignore line: [Building CXX object CMakeFiles/cmTC_3ef9c.dir/CMakeCXXCompilerABI.cpp.o]
  ignore line: [/Applications/Xcode.app/Contents/Developer/Toolchains/XcodeDefault.xctoolchain/usr/bin/c++      -o CMakeFiles/cmTC_3ef9c.dir/CMakeCXXCompilerABI.cpp.o -c /usr/local/Cellar/cmake/3.4.0/share/cmake/Modules/CMakeCXXCompilerABI.cpp]
  ignore line: [Linking CXX executable cmTC_3ef9c]
  ignore line: [/usr/local/Cellar/cmake/3.4.0/bin/cmake -E cmake_link_script CMakeFiles/cmTC_3ef9c.dir/link.txt --verbose=1]
  ignore line: [/Applications/Xcode.app/Contents/Developer/Toolchains/XcodeDefault.xctoolchain/usr/bin/c++     -Wl,-search_paths_first -Wl,-headerpad_max_install_names  -L/usr/local/opt/lapack/lib -v -Wl,-v CMakeFiles/cmTC_3ef9c.dir/CMakeCXXCompilerABI.cpp.o  -o cmTC_3ef9c   ]
  ignore line: [Apple LLVM version 7.0.0 (clang-700.1.76)]
  ignore line: [Target: x86_64-apple-darwin15.0.0]
  ignore line: [Thread model: posix]
  link line: [ "/Applications/Xcode.app/Contents/Developer/Toolchains/XcodeDefault.xctoolchain/usr/bin/ld" -demangle -dynamic -arch x86_64 -macosx_version_min 10.11.0 -o cmTC_3ef9c -L/usr/local/opt/lapack/lib -search_paths_first -headerpad_max_install_names -v CMakeFiles/cmTC_3ef9c.dir/CMakeCXXCompilerABI.cpp.o -lc++ -lSystem /Applications/Xcode.app/Contents/Developer/Toolchains/XcodeDefault.xctoolchain/usr/bin/../lib/clang/7.0.0/lib/darwin/libclang_rt.osx.a]
    arg [/Applications/Xcode.app/Contents/Developer/Toolchains/XcodeDefault.xctoolchain/usr/bin/ld] ==> ignore
    arg [-demangle] ==> ignore
    arg [-dynamic] ==> ignore
    arg [-arch] ==> ignore
    arg [x86_64] ==> ignore
    arg [-macosx_version_min] ==> ignore
    arg [10.11.0] ==> ignore
    arg [-o] ==> ignore
    arg [cmTC_3ef9c] ==> ignore
    arg [-L/usr/local/opt/lapack/lib] ==> dir [/usr/local/opt/lapack/lib]
    arg [-search_paths_first] ==> ignore
    arg [-headerpad_max_install_names] ==> ignore
    arg [-v] ==> ignore
    arg [CMakeFiles/cmTC_3ef9c.dir/CMakeCXXCompilerABI.cpp.o] ==> ignore
    arg [-lc++] ==> lib [c++]
    arg [-lSystem] ==> lib [System]
    arg [/Applications/Xcode.app/Contents/Developer/Toolchains/XcodeDefault.xctoolchain/usr/bin/../lib/clang/7.0.0/lib/darwin/libclang_rt.osx.a] ==> lib [/Applications/Xcode.app/Contents/Developer/Toolchains/XcodeDefault.xctoolchain/usr/bin/../lib/clang/7.0.0/lib/darwin/libclang_rt.osx.a]
  Library search paths: [;/usr/local/opt/lapack/lib;/usr/lib;/usr/local/lib]
  Framework search paths: [;/Library/Frameworks/;/System/Library/Frameworks/]
  remove lib [System]
  collapse lib [/Applications/Xcode.app/Contents/Developer/Toolchains/XcodeDefault.xctoolchain/usr/bin/../lib/clang/7.0.0/lib/darwin/libclang_rt.osx.a] ==> [/Applications/Xcode.app/Contents/Developer/Toolchains/XcodeDefault.xctoolchain/usr/lib/clang/7.0.0/lib/darwin/libclang_rt.osx.a]
  collapse library dir [/usr/local/opt/lapack/lib] ==> [/usr/local/opt/lapack/lib]
  collapse library dir [/usr/local/opt/lapack/lib] ==> [/usr/local/opt/lapack/lib]
  collapse library dir [/usr/lib] ==> [/usr/lib]
  collapse library dir [/usr/local/lib] ==> [/usr/local/lib]
  collapse framework dir [/Library/Frameworks/] ==> [/Library/Frameworks]
  collapse framework dir [/System/Library/Frameworks/] ==> [/System/Library/Frameworks]
  implicit libs: [c++;/Applications/Xcode.app/Contents/Developer/Toolchains/XcodeDefault.xctoolchain/usr/lib/clang/7.0.0/lib/darwin/libclang_rt.osx.a]
  implicit dirs: [/usr/local/opt/lapack/lib;/usr/lib;/usr/local/lib]
  implicit fwks: [/Library/Frameworks;/System/Library/Frameworks]




Detecting CXX [-std=c++14] compiler features compiled with the following output:
Change Dir: /Users/stevenjames/Documents/libcmaes/eigen/lapack/CMakeFiles/CMakeTmp

Run Build Command:"/usr/local/bin/gmake" "cmTC_7719b/fast"
/usr/local/bin/gmake -f CMakeFiles/cmTC_7719b.dir/build.make CMakeFiles/cmTC_7719b.dir/build
gmake[1]: Entering directory '/Users/stevenjames/Documents/libcmaes/eigen/lapack/CMakeFiles/CMakeTmp'
Building CXX object CMakeFiles/cmTC_7719b.dir/feature_tests.cxx.o
/Applications/Xcode.app/Contents/Developer/Toolchains/XcodeDefault.xctoolchain/usr/bin/c++     -std=c++14 -o CMakeFiles/cmTC_7719b.dir/feature_tests.cxx.o -c /Users/stevenjames/Documents/libcmaes/eigen/lapack/CMakeFiles/feature_tests.cxx
Linking CXX executable cmTC_7719b
/usr/local/Cellar/cmake/3.4.0/bin/cmake -E cmake_link_script CMakeFiles/cmTC_7719b.dir/link.txt --verbose=1
/Applications/Xcode.app/Contents/Developer/Toolchains/XcodeDefault.xctoolchain/usr/bin/c++     -Wl,-search_paths_first -Wl,-headerpad_max_install_names  -L/usr/local/opt/lapack/lib  CMakeFiles/cmTC_7719b.dir/feature_tests.cxx.o  -o cmTC_7719b  
gmake[1]: Leaving directory '/Users/stevenjames/Documents/libcmaes/eigen/lapack/CMakeFiles/CMakeTmp'


    Feature record: CXX_FEATURE:1cxx_aggregate_default_initializers
    Feature record: CXX_FEATURE:1cxx_alias_templates
    Feature record: CXX_FEATURE:1cxx_alignas
    Feature record: CXX_FEATURE:1cxx_alignof
    Feature record: CXX_FEATURE:1cxx_attributes
    Feature record: CXX_FEATURE:1cxx_attribute_deprecated
    Feature record: CXX_FEATURE:1cxx_auto_type
    Feature record: CXX_FEATURE:1cxx_binary_literals
    Feature record: CXX_FEATURE:1cxx_constexpr
    Feature record: CXX_FEATURE:1cxx_contextual_conversions
    Feature record: CXX_FEATURE:1cxx_decltype
    Feature record: CXX_FEATURE:1cxx_decltype_auto
    Feature record: CXX_FEATURE:1cxx_decltype_incomplete_return_types
    Feature record: CXX_FEATURE:1cxx_default_function_template_args
    Feature record: CXX_FEATURE:1cxx_defaulted_functions
    Feature record: CXX_FEATURE:1cxx_defaulted_move_initializers
    Feature record: CXX_FEATURE:1cxx_delegating_constructors
    Feature record: CXX_FEATURE:1cxx_deleted_functions
    Feature record: CXX_FEATURE:1cxx_digit_separators
    Feature record: CXX_FEATURE:1cxx_enum_forward_declarations
    Feature record: CXX_FEATURE:1cxx_explicit_conversions
    Feature record: CXX_FEATURE:1cxx_extended_friend_declarations
    Feature record: CXX_FEATURE:1cxx_extern_templates
    Feature record: CXX_FEATURE:1cxx_final
    Feature record: CXX_FEATURE:1cxx_func_identifier
    Feature record: CXX_FEATURE:1cxx_generalized_initializers
    Feature record: CXX_FEATURE:1cxx_generic_lambdas
    Feature record: CXX_FEATURE:1cxx_inheriting_constructors
    Feature record: CXX_FEATURE:1cxx_inline_namespaces
    Feature record: CXX_FEATURE:1cxx_lambdas
    Feature record: CXX_FEATURE:1cxx_lambda_init_captures
    Feature record: CXX_FEATURE:1cxx_local_type_template_args
    Feature record: CXX_FEATURE:1cxx_long_long_type
    Feature record: CXX_FEATURE:1cxx_noexcept
    Feature record: CXX_FEATURE:1cxx_nonstatic_member_init
    Feature record: CXX_FEATURE:1cxx_nullptr
    Feature record: CXX_FEATURE:1cxx_override
    Feature record: CXX_FEATURE:1cxx_range_for
    Feature record: CXX_FEATURE:1cxx_raw_string_literals
    Feature record: CXX_FEATURE:1cxx_reference_qualified_functions
    Feature record: CXX_FEATURE:1cxx_relaxed_constexpr
    Feature record: CXX_FEATURE:1cxx_return_type_deduction
    Feature record: CXX_FEATURE:1cxx_right_angle_brackets
    Feature record: CXX_FEATURE:1cxx_rvalue_references
    Feature record: CXX_FEATURE:1cxx_sizeof_member
    Feature record: CXX_FEATURE:1cxx_static_assert
    Feature record: CXX_FEATURE:1cxx_strong_enums
    Feature record: CXX_FEATURE:1cxx_template_template_parameters
    Feature record: CXX_FEATURE:0cxx_thread_local
    Feature record: CXX_FEATURE:1cxx_trailing_return_types
    Feature record: CXX_FEATURE:1cxx_unicode_literals
    Feature record: CXX_FEATURE:1cxx_uniform_initialization
    Feature record: CXX_FEATURE:1cxx_unrestricted_unions
    Feature record: CXX_FEATURE:1cxx_user_literals
    Feature record: CXX_FEATURE:1cxx_variable_templates
    Feature record: CXX_FEATURE:1cxx_variadic_macros
    Feature record: CXX_FEATURE:1cxx_variadic_templates


Detecting CXX [-std=c++11] compiler features compiled with the following output:
Change Dir: /Users/stevenjames/Documents/libcmaes/eigen/lapack/CMakeFiles/CMakeTmp

Run Build Command:"/usr/local/bin/gmake" "cmTC_ce2bd/fast"
/usr/local/bin/gmake -f CMakeFiles/cmTC_ce2bd.dir/build.make CMakeFiles/cmTC_ce2bd.dir/build
gmake[1]: Entering directory '/Users/stevenjames/Documents/libcmaes/eigen/lapack/CMakeFiles/CMakeTmp'
Building CXX object CMakeFiles/cmTC_ce2bd.dir/feature_tests.cxx.o
/Applications/Xcode.app/Contents/Developer/Toolchains/XcodeDefault.xctoolchain/usr/bin/c++     -std=c++11 -o CMakeFiles/cmTC_ce2bd.dir/feature_tests.cxx.o -c /Users/stevenjames/Documents/libcmaes/eigen/lapack/CMakeFiles/feature_tests.cxx
Linking CXX executable cmTC_ce2bd
/usr/local/Cellar/cmake/3.4.0/bin/cmake -E cmake_link_script CMakeFiles/cmTC_ce2bd.dir/link.txt --verbose=1
/Applications/Xcode.app/Contents/Developer/Toolchains/XcodeDefault.xctoolchain/usr/bin/c++     -Wl,-search_paths_first -Wl,-headerpad_max_install_names  -L/usr/local/opt/lapack/lib  CMakeFiles/cmTC_ce2bd.dir/feature_tests.cxx.o  -o cmTC_ce2bd  
gmake[1]: Leaving directory '/Users/stevenjames/Documents/libcmaes/eigen/lapack/CMakeFiles/CMakeTmp'


    Feature record: CXX_FEATURE:0cxx_aggregate_default_initializers
    Feature record: CXX_FEATURE:1cxx_alias_templates
    Feature record: CXX_FEATURE:1cxx_alignas
    Feature record: CXX_FEATURE:1cxx_alignof
    Feature record: CXX_FEATURE:1cxx_attributes
    Feature record: CXX_FEATURE:0cxx_attribute_deprecated
    Feature record: CXX_FEATURE:1cxx_auto_type
    Feature record: CXX_FEATURE:0cxx_binary_literals
    Feature record: CXX_FEATURE:1cxx_constexpr
    Feature record: CXX_FEATURE:0cxx_contextual_conversions
    Feature record: CXX_FEATURE:1cxx_decltype
    Feature record: CXX_FEATURE:0cxx_decltype_auto
    Feature record: CXX_FEATURE:1cxx_decltype_incomplete_return_types
    Feature record: CXX_FEATURE:1cxx_default_function_template_args
    Feature record: CXX_FEATURE:1cxx_defaulted_functions
    Feature record: CXX_FEATURE:1cxx_defaulted_move_initializers
    Feature record: CXX_FEATURE:1cxx_delegating_constructors
    Feature record: CXX_FEATURE:1cxx_deleted_functions
    Feature record: CXX_FEATURE:0cxx_digit_separators
    Feature record: CXX_FEATURE:1cxx_enum_forward_declarations
    Feature record: CXX_FEATURE:1cxx_explicit_conversions
    Feature record: CXX_FEATURE:1cxx_extended_friend_declarations
    Feature record: CXX_FEATURE:1cxx_extern_templates
    Feature record: CXX_FEATURE:1cxx_final
    Feature record: CXX_FEATURE:1cxx_func_identifier
    Feature record: CXX_FEATURE:1cxx_generalized_initializers
    Feature record: CXX_FEATURE:0cxx_generic_lambdas
    Feature record: CXX_FEATURE:1cxx_inheriting_constructors
    Feature record: CXX_FEATURE:1cxx_inline_namespaces
    Feature record: CXX_FEATURE:1cxx_lambdas
    Feature record: CXX_FEATURE:0cxx_lambda_init_captures
    Feature record: CXX_FEATURE:1cxx_local_type_template_args
    Feature record: CXX_FEATURE:1cxx_long_long_type
    Feature record: CXX_FEATURE:1cxx_noexcept
    Feature record: CXX_FEATURE:1cxx_nonstatic_member_init
    Feature record: CXX_FEATURE:1cxx_nullptr
    Feature record: CXX_FEATURE:1cxx_override
    Feature record: CXX_FEATURE:1cxx_range_for
    Feature record: CXX_FEATURE:1cxx_raw_string_literals
    Feature record: CXX_FEATURE:1cxx_reference_qualified_functions
    Feature record: CXX_FEATURE:0cxx_relaxed_constexpr
    Feature record: CXX_FEATURE:0cxx_return_type_deduction
    Feature record: CXX_FEATURE:1cxx_right_angle_brackets
    Feature record: CXX_FEATURE:1cxx_rvalue_references
    Feature record: CXX_FEATURE:1cxx_sizeof_member
    Feature record: CXX_FEATURE:1cxx_static_assert
    Feature record: CXX_FEATURE:1cxx_strong_enums
    Feature record: CXX_FEATURE:1cxx_template_template_parameters
    Feature record: CXX_FEATURE:0cxx_thread_local
    Feature record: CXX_FEATURE:1cxx_trailing_return_types
    Feature record: CXX_FEATURE:1cxx_unicode_literals
    Feature record: CXX_FEATURE:1cxx_uniform_initialization
    Feature record: CXX_FEATURE:1cxx_unrestricted_unions
    Feature record: CXX_FEATURE:1cxx_user_literals
    Feature record: CXX_FEATURE:0cxx_variable_templates
    Feature record: CXX_FEATURE:1cxx_variadic_macros
    Feature record: CXX_FEATURE:1cxx_variadic_templates


Detecting CXX [-std=c++98] compiler features compiled with the following output:
Change Dir: /Users/stevenjames/Documents/libcmaes/eigen/lapack/CMakeFiles/CMakeTmp

Run Build Command:"/usr/local/bin/gmake" "cmTC_4a088/fast"
/usr/local/bin/gmake -f CMakeFiles/cmTC_4a088.dir/build.make CMakeFiles/cmTC_4a088.dir/build
gmake[1]: Entering directory '/Users/stevenjames/Documents/libcmaes/eigen/lapack/CMakeFiles/CMakeTmp'
Building CXX object CMakeFiles/cmTC_4a088.dir/feature_tests.cxx.o
/Applications/Xcode.app/Contents/Developer/Toolchains/XcodeDefault.xctoolchain/usr/bin/c++     -std=c++98 -o CMakeFiles/cmTC_4a088.dir/feature_tests.cxx.o -c /Users/stevenjames/Documents/libcmaes/eigen/lapack/CMakeFiles/feature_tests.cxx
Linking CXX executable cmTC_4a088
/usr/local/Cellar/cmake/3.4.0/bin/cmake -E cmake_link_script CMakeFiles/cmTC_4a088.dir/link.txt --verbose=1
/Applications/Xcode.app/Contents/Developer/Toolchains/XcodeDefault.xctoolchain/usr/bin/c++     -Wl,-search_paths_first -Wl,-headerpad_max_install_names  -L/usr/local/opt/lapack/lib  CMakeFiles/cmTC_4a088.dir/feature_tests.cxx.o  -o cmTC_4a088  
gmake[1]: Leaving directory '/Users/stevenjames/Documents/libcmaes/eigen/lapack/CMakeFiles/CMakeTmp'


    Feature record: CXX_FEATURE:0cxx_aggregate_default_initializers
    Feature record: CXX_FEATURE:0cxx_alias_templates
    Feature record: CXX_FEATURE:0cxx_alignas
    Feature record: CXX_FEATURE:0cxx_alignof
    Feature record: CXX_FEATURE:0cxx_attributes
    Feature record: CXX_FEATURE:0cxx_attribute_deprecated
    Feature record: CXX_FEATURE:0cxx_auto_type
    Feature record: CXX_FEATURE:0cxx_binary_literals
    Feature record: CXX_FEATURE:0cxx_constexpr
    Feature record: CXX_FEATURE:0cxx_contextual_conversions
    Feature record: CXX_FEATURE:0cxx_decltype
    Feature record: CXX_FEATURE:0cxx_decltype_auto
    Feature record: CXX_FEATURE:0cxx_decltype_incomplete_return_types
    Feature record: CXX_FEATURE:0cxx_default_function_template_args
    Feature record: CXX_FEATURE:0cxx_defaulted_functions
    Feature record: CXX_FEATURE:0cxx_defaulted_move_initializers
    Feature record: CXX_FEATURE:0cxx_delegating_constructors
    Feature record: CXX_FEATURE:0cxx_deleted_functions
    Feature record: CXX_FEATURE:0cxx_digit_separators
    Feature record: CXX_FEATURE:0cxx_enum_forward_declarations
    Feature record: CXX_FEATURE:0cxx_explicit_conversions
    Feature record: CXX_FEATURE:0cxx_extended_friend_declarations
    Feature record: CXX_FEATURE:0cxx_extern_templates
    Feature record: CXX_FEATURE:0cxx_final
    Feature record: CXX_FEATURE:0cxx_func_identifier
    Feature record: CXX_FEATURE:0cxx_generalized_initializers
    Feature record: CXX_FEATURE:0cxx_generic_lambdas
    Feature record: CXX_FEATURE:0cxx_inheriting_constructors
    Feature record: CXX_FEATURE:0cxx_inline_namespaces
    Feature record: CXX_FEATURE:0cxx_lambdas
    Feature record: CXX_FEATURE:0cxx_lambda_init_captures
    Feature record: CXX_FEATURE:0cxx_local_type_template_args
    Feature record: CXX_FEATURE:0cxx_long_long_type
    Feature record: CXX_FEATURE:0cxx_noexcept
    Feature record: CXX_FEATURE:0cxx_nonstatic_member_init
    Feature record: CXX_FEATURE:0cxx_nullptr
    Feature record: CXX_FEATURE:0cxx_override
    Feature record: CXX_FEATURE:0cxx_range_for
    Feature record: CXX_FEATURE:0cxx_raw_string_literals
    Feature record: CXX_FEATURE:0cxx_reference_qualified_functions
    Feature record: CXX_FEATURE:0cxx_relaxed_constexpr
    Feature record: CXX_FEATURE:0cxx_return_type_deduction
    Feature record: CXX_FEATURE:0cxx_right_angle_brackets
    Feature record: CXX_FEATURE:0cxx_rvalue_references
    Feature record: CXX_FEATURE:0cxx_sizeof_member
    Feature record: CXX_FEATURE:0cxx_static_assert
    Feature record: CXX_FEATURE:0cxx_strong_enums
    Feature record: CXX_FEATURE:1cxx_template_template_parameters
    Feature record: CXX_FEATURE:0cxx_thread_local
    Feature record: CXX_FEATURE:0cxx_trailing_return_types
    Feature record: CXX_FEATURE:0cxx_unicode_literals
    Feature record: CXX_FEATURE:0cxx_uniform_initialization
    Feature record: CXX_FEATURE:0cxx_unrestricted_unions
    Feature record: CXX_FEATURE:0cxx_user_literals
    Feature record: CXX_FEATURE:0cxx_variable_templates
    Feature record: CXX_FEATURE:0cxx_variadic_macros
    Feature record: CXX_FEATURE:0cxx_variadic_templates
Compiling the Fortran compiler identification source file "CMakeFortranCompilerId.F" succeeded.
Compiler: /usr/local/bin/gfortran 
Build flags: 
Id flags: -v

The output was:
0
Driving: /usr/local/bin/gfortran -mmacosx-version-min=10.11.0 -v CMakeFortranCompilerId.F -l gfortran -shared-libgcc
Using built-in specs.
COLLECT_GCC=/usr/local/bin/gfortran
COLLECT_LTO_WRAPPER=/usr/local/Cellar/gcc/5.2.0/libexec/gcc/x86_64-apple-darwin15.0.0/5.2.0/lto-wrapper
Target: x86_64-apple-darwin15.0.0
Configured with: ../configure --build=x86_64-apple-darwin15.0.0 --prefix=/usr/local/Cellar/gcc/5.2.0 --libdir=/usr/local/Cellar/gcc/5.2.0/lib/gcc/5 --enable-languages=c,c++,objc,obj-c++,fortran --program-suffix=-5 --with-gmp=/usr/local/opt/gmp --with-mpfr=/usr/local/opt/mpfr --with-mpc=/usr/local/opt/libmpc --with-isl=/usr/local/opt/isl --with-system-zlib --enable-libstdcxx-time=yes --enable-stage1-checking --enable-checking=release --enable-lto --with-build-config=bootstrap-debug --disable-werror --with-pkgversion='Homebrew gcc 5.2.0' --with-bugurl=https://github.com/Homebrew/homebrew/issues --enable-plugin --disable-nls --enable-multilib
Thread model: posix
gcc version 5.2.0 (Homebrew gcc 5.2.0) 
COLLECT_GCC_OPTIONS='-mmacosx-version-min=10.11.0' '-v' '-shared-libgcc' '-mtune=core2'
 /usr/local/Cellar/gcc/5.2.0/libexec/gcc/x86_64-apple-darwin15.0.0/5.2.0/f951 CMakeFortranCompilerId.F -ffixed-form -cpp=/var/folders/62/_8grgzzx7d90_cfwvz49z9fc0000gn/T//ccp3YoD3.f90 -quiet -v -D__DYNAMIC__ CMakeFortranCompilerId.F -fPIC -quiet -dumpbase CMakeFortranCompilerId.F -mmacosx-version-min=10.11.0 -mtune=core2 -auxbase CMakeFortranCompilerId -version -fintrinsic-modules-path /usr/local/Cellar/gcc/5.2.0/lib/gcc/5/gcc/x86_64-apple-darwin15.0.0/5.2.0/finclude -o /var/folders/62/_8grgzzx7d90_cfwvz49z9fc0000gn/T//ccAxJ9RZ.s
GNU Fortran (Homebrew gcc 5.2.0) version 5.2.0 (x86_64-apple-darwin15.0.0)
	compiled by GNU C version 5.2.0, GMP version 6.1.0, MPFR version 3.1.3-p2, MPC version 1.0.3
GGC heuristics: --param ggc-min-expand=100 --param ggc-min-heapsize=131072
ignoring nonexistent directory "/usr/local/Cellar/gcc/5.2.0/lib/gcc/5/gcc/x86_64-apple-darwin15.0.0/5.2.0/../../../../../../x86_64-apple-darwin15.0.0/include"
#include "..." search starts here:
#include <...> search starts here:
 /usr/local/Cellar/gcc/5.2.0/lib/gcc/5/gcc/x86_64-apple-darwin15.0.0/5.2.0/finclude
 /usr/local/Cellar/gcc/5.2.0/lib/gcc/5/gcc/x86_64-apple-darwin15.0.0/5.2.0/include
 /usr/local/include
 /usr/local/Cellar/gcc/5.2.0/include
 /usr/local/Cellar/gcc/5.2.0/lib/gcc/5/gcc/x86_64-apple-darwin15.0.0/5.2.0/include-fixed
 /usr/include
End of search list.
GNU Fortran2008 (Homebrew gcc 5.2.0) version 5.2.0 (x86_64-apple-darwin15.0.0)
	compiled by GNU C version 5.2.0, GMP version 6.1.0, MPFR version 3.1.3-p2, MPC version 1.0.3
GGC heuristics: --param ggc-min-expand=100 --param ggc-min-heapsize=131072
COLLECT_GCC_OPTIONS='-mmacosx-version-min=10.11.0' '-v' '-shared-libgcc' '-mtune=core2'
 as -arch x86_64 -force_cpusubtype_ALL -o /var/folders/62/_8grgzzx7d90_cfwvz49z9fc0000gn/T//cc7iwhMs.o /var/folders/62/_8grgzzx7d90_cfwvz49z9fc0000gn/T//ccAxJ9RZ.s
Reading specs from /usr/local/Cellar/gcc/5.2.0/lib/gcc/5/gcc/x86_64-apple-darwin15.0.0/5.2.0/../../../libgfortran.spec
rename spec lib to liborig
COLLECT_GCC_OPTIONS='-mmacosx-version-min=10.11.0' '-v' '-shared-libgcc' '-mtune=core2'
COMPILER_PATH=/usr/local/Cellar/gcc/5.2.0/libexec/gcc/x86_64-apple-darwin15.0.0/5.2.0/:/usr/local/Cellar/gcc/5.2.0/libexec/gcc/x86_64-apple-darwin15.0.0/5.2.0/:/usr/local/Cellar/gcc/5.2.0/libexec/gcc/x86_64-apple-darwin15.0.0/:/usr/local/Cellar/gcc/5.2.0/lib/gcc/5/gcc/x86_64-apple-darwin15.0.0/5.2.0/:/usr/local/Cellar/gcc/5.2.0/lib/gcc/5/gcc/x86_64-apple-darwin15.0.0/
LIBRARY_PATH=/usr/local/Cellar/gcc/5.2.0/lib/gcc/5/gcc/x86_64-apple-darwin15.0.0/5.2.0/:/usr/local/Cellar/gcc/5.2.0/lib/gcc/5/gcc/x86_64-apple-darwin15.0.0/5.2.0/../../../:/usr/lib/
COLLECT_GCC_OPTIONS='-mmacosx-version-min=10.11.0' '-v' '-shared-libgcc' '-mtune=core2'
 /usr/local/Cellar/gcc/5.2.0/libexec/gcc/x86_64-apple-darwin15.0.0/5.2.0/collect2 -dynamic -arch x86_64 -macosx_version_min 10.11.0 -weak_reference_mismatches non-weak -o a.out -L/usr/local/Cellar/gcc/5.2.0/lib/gcc/5/gcc/x86_64-apple-darwin15.0.0/5.2.0 -L/usr/local/Cellar/gcc/5.2.0/lib/gcc/5/gcc/x86_64-apple-darwin15.0.0/5.2.0/../../.. /var/folders/62/_8grgzzx7d90_cfwvz49z9fc0000gn/T//cc7iwhMs.o -lgfortran -no_compact_unwind -lSystem -lgcc_ext.10.5 -lgcc -lquadmath -lm -lgcc_ext.10.5 -lgcc -lSystem -v
collect2 version 5.2.0
/usr/bin/ld -dynamic -arch x86_64 -macosx_version_min 10.11.0 -weak_reference_mismatches non-weak -o a.out -L/usr/local/Cellar/gcc/5.2.0/lib/gcc/5/gcc/x86_64-apple-darwin15.0.0/5.2.0 -L/usr/local/Cellar/gcc/5.2.0/lib/gcc/5/gcc/x86_64-apple-darwin15.0.0/5.2.0/../../.. /var/folders/62/_8grgzzx7d90_cfwvz49z9fc0000gn/T//cc7iwhMs.o -lgfortran -no_compact_unwind -lSystem -lgcc_ext.10.5 -lgcc -lquadmath -lm -lgcc_ext.10.5 -lgcc -lSystem -v
@(#)PROGRAM:ld  PROJECT:ld64-253.6
configured to support archs: armv6 armv7 armv7s arm64 i386 x86_64 x86_64h armv6m armv7k armv7m armv7em (tvOS)
Library search paths:
	/usr/local/Cellar/gcc/5.2.0/lib/gcc/5/gcc/x86_64-apple-darwin15.0.0/5.2.0
	/usr/local/Cellar/gcc/5.2.0/lib/gcc/5
	/usr/lib
	/usr/local/lib
Framework search paths:
	/Library/Frameworks/
	/System/Library/Frameworks/
 /usr/local/bin/gnm -n /var/folders/62/_8grgzzx7d90_cfwvz49z9fc0000gn/T//cc7iwhMs.o


Compilation of the Fortran compiler identification source "CMakeFortranCompilerId.F" produced "a.out"

The Fortran compiler identification is GNU, found in "/Users/stevenjames/Documents/libcmaes/eigen/lapack/CMakeFiles/3.4.0/CompilerIdFortran/a.out"

Determining if the Fortran compiler works passed with the following output:
Change Dir: /Users/stevenjames/Documents/libcmaes/eigen/lapack/CMakeFiles/CMakeTmp

Run Build Command:"/usr/local/bin/gmake" "cmTC_4f060/fast"
/usr/local/bin/gmake -f CMakeFiles/cmTC_4f060.dir/build.make CMakeFiles/cmTC_4f060.dir/build
gmake[1]: Entering directory '/Users/stevenjames/Documents/libcmaes/eigen/lapack/CMakeFiles/CMakeTmp'
Building Fortran object CMakeFiles/cmTC_4f060.dir/testFortranCompiler.f.o
/usr/local/bin/gfortran     -c /Users/stevenjames/Documents/libcmaes/eigen/lapack/CMakeFiles/CMakeTmp/testFortranCompiler.f -o CMakeFiles/cmTC_4f060.dir/testFortranCompiler.f.o
Linking Fortran executable cmTC_4f060
/usr/local/Cellar/cmake/3.4.0/bin/cmake -E cmake_link_script CMakeFiles/cmTC_4f060.dir/link.txt --verbose=1
/usr/local/bin/gfortran    -L/usr/local/opt/lapack/lib    CMakeFiles/cmTC_4f060.dir/testFortranCompiler.f.o  -o cmTC_4f060  
gmake[1]: Leaving directory '/Users/stevenjames/Documents/libcmaes/eigen/lapack/CMakeFiles/CMakeTmp'


Detecting Fortran compiler ABI info compiled with the following output:
Change Dir: /Users/stevenjames/Documents/libcmaes/eigen/lapack/CMakeFiles/CMakeTmp

Run Build Command:"/usr/local/bin/gmake" "cmTC_a6254/fast"
/usr/local/bin/gmake -f CMakeFiles/cmTC_a6254.dir/build.make CMakeFiles/cmTC_a6254.dir/build
gmake[1]: Entering directory '/Users/stevenjames/Documents/libcmaes/eigen/lapack/CMakeFiles/CMakeTmp'
Building Fortran object CMakeFiles/cmTC_a6254.dir/CMakeFortranCompilerABI.F.o
/usr/local/bin/gfortran     -c /usr/local/Cellar/cmake/3.4.0/share/cmake/Modules/CMakeFortranCompilerABI.F -o CMakeFiles/cmTC_a6254.dir/CMakeFortranCompilerABI.F.o
Linking Fortran executable cmTC_a6254
/usr/local/Cellar/cmake/3.4.0/bin/cmake -E cmake_link_script CMakeFiles/cmTC_a6254.dir/link.txt --verbose=1
/usr/local/bin/gfortran    -L/usr/local/opt/lapack/lib -v -Wl,-v   CMakeFiles/cmTC_a6254.dir/CMakeFortranCompilerABI.F.o  -o cmTC_a6254   
Driving: /usr/local/bin/gfortran -mmacosx-version-min=10.11.0 -L/usr/local/opt/lapack/lib -v -Wl,-v CMakeFiles/cmTC_a6254.dir/CMakeFortranCompilerABI.F.o -o cmTC_a6254 -l gfortran -shared-libgcc
Using built-in specs.
COLLECT_GCC=/usr/local/bin/gfortran
COLLECT_LTO_WRAPPER=/usr/local/Cellar/gcc/5.2.0/libexec/gcc/x86_64-apple-darwin15.0.0/5.2.0/lto-wrapper
Target: x86_64-apple-darwin15.0.0
Configured with: ../configure --build=x86_64-apple-darwin15.0.0 --prefix=/usr/local/Cellar/gcc/5.2.0 --libdir=/usr/local/Cellar/gcc/5.2.0/lib/gcc/5 --enable-languages=c,c++,objc,obj-c++,fortran --program-suffix=-5 --with-gmp=/usr/local/opt/gmp --with-mpfr=/usr/local/opt/mpfr --with-mpc=/usr/local/opt/libmpc --with-isl=/usr/local/opt/isl --with-system-zlib --enable-libstdcxx-time=yes --enable-stage1-checking --enable-checking=release --enable-lto --with-build-config=bootstrap-debug --disable-werror --with-pkgversion='Homebrew gcc 5.2.0' --with-bugurl=https://github.com/Homebrew/homebrew/issues --enable-plugin --disable-nls --enable-multilib
Thread model: posix
gcc version 5.2.0 (Homebrew gcc 5.2.0) 
Reading specs from /usr/local/Cellar/gcc/5.2.0/lib/gcc/5/gcc/x86_64-apple-darwin15.0.0/5.2.0/../../../libgfortran.spec
rename spec lib to liborig
COLLECT_GCC_OPTIONS='-mmacosx-version-min=10.11.0' '-L/usr/local/opt/lapack/lib' '-v' '-o' 'cmTC_a6254' '-shared-libgcc' '-mtune=core2'
COMPILER_PATH=/usr/local/Cellar/gcc/5.2.0/libexec/gcc/x86_64-apple-darwin15.0.0/5.2.0/:/usr/local/Cellar/gcc/5.2.0/libexec/gcc/x86_64-apple-darwin15.0.0/5.2.0/:/usr/local/Cellar/gcc/5.2.0/libexec/gcc/x86_64-apple-darwin15.0.0/:/usr/local/Cellar/gcc/5.2.0/lib/gcc/5/gcc/x86_64-apple-darwin15.0.0/5.2.0/:/usr/local/Cellar/gcc/5.2.0/lib/gcc/5/gcc/x86_64-apple-darwin15.0.0/
LIBRARY_PATH=/usr/local/Cellar/gcc/5.2.0/lib/gcc/5/gcc/x86_64-apple-darwin15.0.0/5.2.0/:/usr/local/Cellar/gcc/5.2.0/lib/gcc/5/gcc/x86_64-apple-darwin15.0.0/5.2.0/../../../:/usr/lib/
COLLECT_GCC_OPTIONS='-mmacosx-version-min=10.11.0' '-L/usr/local/opt/lapack/lib' '-v' '-o' 'cmTC_a6254' '-shared-libgcc' '-mtune=core2'
 /usr/local/Cellar/gcc/5.2.0/libexec/gcc/x86_64-apple-darwin15.0.0/5.2.0/collect2 -dynamic -arch x86_64 -macosx_version_min 10.11.0 -weak_reference_mismatches non-weak -o cmTC_a6254 -L/usr/local/opt/lapack/lib -L/usr/local/Cellar/gcc/5.2.0/lib/gcc/5/gcc/x86_64-apple-darwin15.0.0/5.2.0 -L/usr/local/Cellar/gcc/5.2.0/lib/gcc/5/gcc/x86_64-apple-darwin15.0.0/5.2.0/../../.. -v CMakeFiles/cmTC_a6254.dir/CMakeFortranCompilerABI.F.o -lgfortran -no_compact_unwind -lSystem -lgcc_ext.10.5 -lgcc -lquadmath -lm -lgcc_ext.10.5 -lgcc -lSystem -v
collect2 version 5.2.0
/usr/bin/ld -dynamic -arch x86_64 -macosx_version_min 10.11.0 -weak_reference_mismatches non-weak -o cmTC_a6254 -L/usr/local/opt/lapack/lib -L/usr/local/Cellar/gcc/5.2.0/lib/gcc/5/gcc/x86_64-apple-darwin15.0.0/5.2.0 -L/usr/local/Cellar/gcc/5.2.0/lib/gcc/5/gcc/x86_64-apple-darwin15.0.0/5.2.0/../../.. -v CMakeFiles/cmTC_a6254.dir/CMakeFortranCompilerABI.F.o -lgfortran -no_compact_unwind -lSystem -lgcc_ext.10.5 -lgcc -lquadmath -lm -lgcc_ext.10.5 -lgcc -lSystem -v
@(#)PROGRAM:ld  PROJECT:ld64-253.6
configured to support archs: armv6 armv7 armv7s arm64 i386 x86_64 x86_64h armv6m armv7k armv7m armv7em (tvOS)
@(#)PROGRAM:ld  PROJECT:ld64-253.6
configured to support archs: armv6 armv7 armv7s arm64 i386 x86_64 x86_64h armv6m armv7k armv7m armv7em (tvOS)
Library search paths:
	/usr/local/opt/lapack/lib
	/usr/local/Cellar/gcc/5.2.0/lib/gcc/5/gcc/x86_64-apple-darwin15.0.0/5.2.0
	/usr/local/Cellar/gcc/5.2.0/lib/gcc/5
	/usr/lib
	/usr/local/lib
Framework search paths:
	/Library/Frameworks/
	/System/Library/Frameworks/
 /usr/local/bin/gnm -n CMakeFiles/cmTC_a6254.dir/CMakeFortranCompilerABI.F.o
gmake[1]: Leaving directory '/Users/stevenjames/Documents/libcmaes/eigen/lapack/CMakeFiles/CMakeTmp'


Parsed Fortran implicit link information from above output:
  link line regex: [^( *|.*[/\])(ld|([^/\]+-)?ld|collect2)[^/\]*( |$)]
  ignore line: [Change Dir: /Users/stevenjames/Documents/libcmaes/eigen/lapack/CMakeFiles/CMakeTmp]
  ignore line: []
  ignore line: [Run Build Command:"/usr/local/bin/gmake" "cmTC_a6254/fast"]
  ignore line: [/usr/local/bin/gmake -f CMakeFiles/cmTC_a6254.dir/build.make CMakeFiles/cmTC_a6254.dir/build]
  ignore line: [gmake[1]: Entering directory '/Users/stevenjames/Documents/libcmaes/eigen/lapack/CMakeFiles/CMakeTmp']
  ignore line: [Building Fortran object CMakeFiles/cmTC_a6254.dir/CMakeFortranCompilerABI.F.o]
  ignore line: [/usr/local/bin/gfortran     -c /usr/local/Cellar/cmake/3.4.0/share/cmake/Modules/CMakeFortranCompilerABI.F -o CMakeFiles/cmTC_a6254.dir/CMakeFortranCompilerABI.F.o]
  ignore line: [Linking Fortran executable cmTC_a6254]
  ignore line: [/usr/local/Cellar/cmake/3.4.0/bin/cmake -E cmake_link_script CMakeFiles/cmTC_a6254.dir/link.txt --verbose=1]
  ignore line: [/usr/local/bin/gfortran    -L/usr/local/opt/lapack/lib -v -Wl,-v   CMakeFiles/cmTC_a6254.dir/CMakeFortranCompilerABI.F.o  -o cmTC_a6254   ]
  ignore line: [Driving: /usr/local/bin/gfortran -mmacosx-version-min=10.11.0 -L/usr/local/opt/lapack/lib -v -Wl,-v CMakeFiles/cmTC_a6254.dir/CMakeFortranCompilerABI.F.o -o cmTC_a6254 -l gfortran -shared-libgcc]
  ignore line: [Using built-in specs.]
  ignore line: [COLLECT_GCC=/usr/local/bin/gfortran]
  ignore line: [COLLECT_LTO_WRAPPER=/usr/local/Cellar/gcc/5.2.0/libexec/gcc/x86_64-apple-darwin15.0.0/5.2.0/lto-wrapper]
  ignore line: [Target: x86_64-apple-darwin15.0.0]
  ignore line: [Configured with: ../configure --build=x86_64-apple-darwin15.0.0 --prefix=/usr/local/Cellar/gcc/5.2.0 --libdir=/usr/local/Cellar/gcc/5.2.0/lib/gcc/5 --enable-languages=c,c++,objc,obj-c++,fortran --program-suffix=-5 --with-gmp=/usr/local/opt/gmp --with-mpfr=/usr/local/opt/mpfr --with-mpc=/usr/local/opt/libmpc --with-isl=/usr/local/opt/isl --with-system-zlib --enable-libstdcxx-time=yes --enable-stage1-checking --enable-checking=release --enable-lto --with-build-config=bootstrap-debug --disable-werror --with-pkgversion='Homebrew gcc 5.2.0' --with-bugurl=https://github.com/Homebrew/homebrew/issues --enable-plugin --disable-nls --enable-multilib]
  ignore line: [Thread model: posix]
  ignore line: [gcc version 5.2.0 (Homebrew gcc 5.2.0) ]
  ignore line: [Reading specs from /usr/local/Cellar/gcc/5.2.0/lib/gcc/5/gcc/x86_64-apple-darwin15.0.0/5.2.0/../../../libgfortran.spec]
  ignore line: [rename spec lib to liborig]
  ignore line: [COLLECT_GCC_OPTIONS='-mmacosx-version-min=10.11.0' '-L/usr/local/opt/lapack/lib' '-v' '-o' 'cmTC_a6254' '-shared-libgcc' '-mtune=core2']
  ignore line: [COMPILER_PATH=/usr/local/Cellar/gcc/5.2.0/libexec/gcc/x86_64-apple-darwin15.0.0/5.2.0/:/usr/local/Cellar/gcc/5.2.0/libexec/gcc/x86_64-apple-darwin15.0.0/5.2.0/:/usr/local/Cellar/gcc/5.2.0/libexec/gcc/x86_64-apple-darwin15.0.0/:/usr/local/Cellar/gcc/5.2.0/lib/gcc/5/gcc/x86_64-apple-darwin15.0.0/5.2.0/:/usr/local/Cellar/gcc/5.2.0/lib/gcc/5/gcc/x86_64-apple-darwin15.0.0/]
  ignore line: [LIBRARY_PATH=/usr/local/Cellar/gcc/5.2.0/lib/gcc/5/gcc/x86_64-apple-darwin15.0.0/5.2.0/:/usr/local/Cellar/gcc/5.2.0/lib/gcc/5/gcc/x86_64-apple-darwin15.0.0/5.2.0/../../../:/usr/lib/]
  ignore line: [COLLECT_GCC_OPTIONS='-mmacosx-version-min=10.11.0' '-L/usr/local/opt/lapack/lib' '-v' '-o' 'cmTC_a6254' '-shared-libgcc' '-mtune=core2']
  link line: [ /usr/local/Cellar/gcc/5.2.0/libexec/gcc/x86_64-apple-darwin15.0.0/5.2.0/collect2 -dynamic -arch x86_64 -macosx_version_min 10.11.0 -weak_reference_mismatches non-weak -o cmTC_a6254 -L/usr/local/opt/lapack/lib -L/usr/local/Cellar/gcc/5.2.0/lib/gcc/5/gcc/x86_64-apple-darwin15.0.0/5.2.0 -L/usr/local/Cellar/gcc/5.2.0/lib/gcc/5/gcc/x86_64-apple-darwin15.0.0/5.2.0/../../.. -v CMakeFiles/cmTC_a6254.dir/CMakeFortranCompilerABI.F.o -lgfortran -no_compact_unwind -lSystem -lgcc_ext.10.5 -lgcc -lquadmath -lm -lgcc_ext.10.5 -lgcc -lSystem -v]
    arg [/usr/local/Cellar/gcc/5.2.0/libexec/gcc/x86_64-apple-darwin15.0.0/5.2.0/collect2] ==> ignore
    arg [-dynamic] ==> ignore
    arg [-arch] ==> ignore
    arg [x86_64] ==> ignore
    arg [-macosx_version_min] ==> ignore
    arg [10.11.0] ==> ignore
    arg [-weak_reference_mismatches] ==> ignore
    arg [non-weak] ==> ignore
    arg [-o] ==> ignore
    arg [cmTC_a6254] ==> ignore
    arg [-L/usr/local/opt/lapack/lib] ==> dir [/usr/local/opt/lapack/lib]
    arg [-L/usr/local/Cellar/gcc/5.2.0/lib/gcc/5/gcc/x86_64-apple-darwin15.0.0/5.2.0] ==> dir [/usr/local/Cellar/gcc/5.2.0/lib/gcc/5/gcc/x86_64-apple-darwin15.0.0/5.2.0]
    arg [-L/usr/local/Cellar/gcc/5.2.0/lib/gcc/5/gcc/x86_64-apple-darwin15.0.0/5.2.0/../../..] ==> dir [/usr/local/Cellar/gcc/5.2.0/lib/gcc/5/gcc/x86_64-apple-darwin15.0.0/5.2.0/../../..]
    arg [-v] ==> ignore
    arg [CMakeFiles/cmTC_a6254.dir/CMakeFortranCompilerABI.F.o] ==> ignore
    arg [-lgfortran] ==> lib [gfortran]
    arg [-no_compact_unwind] ==> ignore
    arg [-lSystem] ==> lib [System]
    arg [-lgcc_ext.10.5] ==> lib [gcc_ext.10.5]
    arg [-lgcc] ==> lib [gcc]
    arg [-lquadmath] ==> lib [quadmath]
    arg [-lm] ==> lib [m]
    arg [-lgcc_ext.10.5] ==> lib [gcc_ext.10.5]
    arg [-lgcc] ==> lib [gcc]
    arg [-lSystem] ==> lib [System]
    arg [-v] ==> ignore
  Library search paths: [;/usr/local/opt/lapack/lib;/usr/local/Cellar/gcc/5.2.0/lib/gcc/5/gcc/x86_64-apple-darwin15.0.0/5.2.0;/usr/local/Cellar/gcc/5.2.0/lib/gcc/5;/usr/lib;/usr/local/lib]
  Framework search paths: [;/Library/Frameworks/;/System/Library/Frameworks/]
  remove lib [System]
  remove lib [gcc_ext.10.5]
  remove lib [gcc]
  remove lib [gcc_ext.10.5]
  remove lib [gcc]
  remove lib [System]
  collapse library dir [/usr/local/opt/lapack/lib] ==> [/usr/local/opt/lapack/lib]
  collapse library dir [/usr/local/Cellar/gcc/5.2.0/lib/gcc/5/gcc/x86_64-apple-darwin15.0.0/5.2.0] ==> [/usr/local/Cellar/gcc/5.2.0/lib/gcc/5/gcc/x86_64-apple-darwin15.0.0/5.2.0]
  collapse library dir [/usr/local/Cellar/gcc/5.2.0/lib/gcc/5/gcc/x86_64-apple-darwin15.0.0/5.2.0/../../..] ==> [/usr/local/Cellar/gcc/5.2.0/lib/gcc/5]
  collapse library dir [/usr/local/opt/lapack/lib] ==> [/usr/local/opt/lapack/lib]
  collapse library dir [/usr/local/Cellar/gcc/5.2.0/lib/gcc/5/gcc/x86_64-apple-darwin15.0.0/5.2.0] ==> [/usr/local/Cellar/gcc/5.2.0/lib/gcc/5/gcc/x86_64-apple-darwin15.0.0/5.2.0]
  collapse library dir [/usr/local/Cellar/gcc/5.2.0/lib/gcc/5] ==> [/usr/local/Cellar/gcc/5.2.0/lib/gcc/5]
  collapse library dir [/usr/lib] ==> [/usr/lib]
  collapse library dir [/usr/local/lib] ==> [/usr/local/lib]
  collapse framework dir [/Library/Frameworks/] ==> [/Library/Frameworks]
  collapse framework dir [/System/Library/Frameworks/] ==> [/System/Library/Frameworks]
  implicit libs: [gfortran;quadmath;m]
  implicit dirs: [/usr/local/opt/lapack/lib;/usr/local/Cellar/gcc/5.2.0/lib/gcc/5/gcc/x86_64-apple-darwin15.0.0/5.2.0;/usr/local/Cellar/gcc/5.2.0/lib/gcc/5;/usr/lib;/usr/local/lib]
  implicit fwks: [/Library/Frameworks;/System/Library/Frameworks]


Determining if the Fortran compiler supports Fortran 90 passed with the following output:
Change Dir: /Users/stevenjames/Documents/libcmaes/eigen/lapack/CMakeFiles/CMakeTmp

Run Build Command:"/usr/local/bin/gmake" "cmTC_9146d/fast"
/usr/local/bin/gmake -f CMakeFiles/cmTC_9146d.dir/build.make CMakeFiles/cmTC_9146d.dir/build
gmake[1]: Entering directory '/Users/stevenjames/Documents/libcmaes/eigen/lapack/CMakeFiles/CMakeTmp'
Building Fortran object CMakeFiles/cmTC_9146d.dir/testFortranCompilerF90.f90.o
/usr/local/bin/gfortran     -c /Users/stevenjames/Documents/libcmaes/eigen/lapack/CMakeFiles/CMakeTmp/testFortranCompilerF90.f90 -o CMakeFiles/cmTC_9146d.dir/testFortranCompilerF90.f90.o
Linking Fortran executable cmTC_9146d
/usr/local/Cellar/cmake/3.4.0/bin/cmake -E cmake_link_script CMakeFiles/cmTC_9146d.dir/link.txt --verbose=1
/usr/local/bin/gfortran    -L/usr/local/opt/lapack/lib    CMakeFiles/cmTC_9146d.dir/testFortranCompilerF90.f90.o  -o cmTC_9146d  
gmake[1]: Leaving directory '/Users/stevenjames/Documents/libcmaes/eigen/lapack/CMakeFiles/CMakeTmp'


