This file contains any messages produced by compilers while
running configure, to aid debugging if configure makes a mistake.

It was created by libcmaes configure 0.9.5, which was
generated by GNU Autoconf 2.69.  Invocation command line was

  $ /Users/stevenjames/Documents/libcmaes/configure 

## --------- ##
## Platform. ##
## --------- ##

hostname = Stevens-MacBook-Pro.local
uname -m = x86_64
uname -r = 15.0.0
uname -s = Darwin
uname -v = Darwin Kernel Version 15.0.0: Sat Sep 19 15:53:46 PDT 2015; root:xnu-3247.10.11~1/RELEASE_X86_64

/usr/bin/uname -p = i386
/bin/uname -X     = unknown

/bin/arch              = unknown
/usr/bin/arch -k       = unknown
/usr/convex/getsysinfo = unknown
/usr/bin/hostinfo      = Mach kernel version:
	 Darwin Kernel Version 15.0.0: Sat Sep 19 15:53:46 PDT 2015; root:xnu-3247.10.11~1/RELEASE_X86_64
Kernel configured for up to 4 processors.
2 processors are physically available.
4 processors are logically available.
Processor type: i486 (Intel 80486)
Processors active: 0 1 2 3
Primary memory available: 8.00 gigabytes
Default processor set: 212 tasks, 845 threads, 4 processors
Load average: 0.67, Mach factor: 3.31
/bin/machine           = unknown
/usr/bin/oslevel       = unknown
/bin/universe          = unknown

PATH: /usr/local/bin
PATH: /usr/bin
PATH: /bin
PATH: /usr/sbin
PATH: /sbin
PATH: /opt/X11/bin


## ----------- ##
## Core tests. ##
## ----------- ##

configure:2433: libcmaes 0.9.5
configure:2481: checking for a BSD-compatible install
configure:2549: result: /usr/local/bin/ginstall -c
configure:2560: checking whether build environment is sane
configure:2615: result: yes
configure:2766: checking for a thread-safe mkdir -p
configure:2805: result: /usr/local/bin/gmkdir -p
configure:2812: checking for gawk
configure:2828: found /usr/local/bin/gawk
configure:2839: result: gawk
configure:2850: checking whether make sets $(MAKE)
configure:2872: result: yes
configure:2901: checking whether make supports nested variables
configure:2918: result: yes
configure:3058: checking build system type
configure:3072: result: x86_64-apple-darwin15.0.0
configure:3092: checking host system type
configure:3105: result: x86_64-apple-darwin15.0.0
configure:3180: checking for clang++
configure:3196: found /usr/bin/clang++
configure:3207: result: clang++
configure:3238: checking for C compiler version
configure:3247: clang++ --version >&5
Apple LLVM version 7.0.0 (clang-700.1.76)
Target: x86_64-apple-darwin15.0.0
Thread model: posix
configure:3258: $? = 0
configure:3247: clang++ -v >&5
Apple LLVM version 7.0.0 (clang-700.1.76)
Target: x86_64-apple-darwin15.0.0
Thread model: posix
configure:3258: $? = 0
configure:3247: clang++ -V >&5
clang: error: argument to '-V' is missing (expected 1 value)
clang: error: no input files
configure:3258: $? = 1
configure:3247: clang++ -qversion >&5
clang: error: unknown argument: '-qversion'
clang: error: no input files
configure:3258: $? = 1
configure:3278: checking whether the C compiler works
configure:3300: clang++    conftest.c  >&5
clang: warning: treating 'c' input as 'c++' when in C++ mode, this behavior is deprecated
configure:3304: $? = 0
configure:3352: result: yes
configure:3355: checking for C compiler default output file name
configure:3357: result: a.out
configure:3363: checking for suffix of executables
configure:3370: clang++ -o conftest    conftest.c  >&5
clang: warning: treating 'c' input as 'c++' when in C++ mode, this behavior is deprecated
configure:3374: $? = 0
configure:3396: result: 
configure:3418: checking whether we are cross compiling
configure:3426: clang++ -o conftest    conftest.c  >&5
clang: warning: treating 'c' input as 'c++' when in C++ mode, this behavior is deprecated
configure:3430: $? = 0
configure:3437: ./conftest
configure:3441: $? = 0
configure:3456: result: no
configure:3461: checking for suffix of object files
configure:3483: clang++ -c   conftest.c >&5
clang: warning: treating 'c' input as 'c++' when in C++ mode, this behavior is deprecated
configure:3487: $? = 0
configure:3508: result: o
configure:3512: checking whether we are using the GNU C compiler
configure:3531: clang++ -c   conftest.c >&5
clang: warning: treating 'c' input as 'c++' when in C++ mode, this behavior is deprecated
configure:3531: $? = 0
configure:3540: result: yes
configure:3549: checking whether clang++ accepts -g
configure:3569: clang++ -c -g  conftest.c >&5
clang: warning: treating 'c' input as 'c++' when in C++ mode, this behavior is deprecated
configure:3569: $? = 0
configure: failed program was:
| /* confdefs.h */
| #define PACKAGE_NAME "libcmaes"
| #define PACKAGE_TARNAME "libcmaes"
| #define PACKAGE_VERSION "0.9.5"
| #define PACKAGE_STRING "libcmaes 0.9.5"
| #define PACKAGE_BUGREPORT ""
| #define PACKAGE_URL ""
| #define PACKAGE "libcmaes"
| #define VERSION "0.9.5"
| /* end confdefs.h.  */
| 
| int
| main ()
| {
| 
|   ;
|   return 0;
| }
configure:3584: clang++ -c   conftest.c >&5
clang: warning: treating 'c' input as 'c++' when in C++ mode, this behavior is deprecated
configure:3584: $? = 0
configure: failed program was:
| /* confdefs.h */
| #define PACKAGE_NAME "libcmaes"
| #define PACKAGE_TARNAME "libcmaes"
| #define PACKAGE_VERSION "0.9.5"
| #define PACKAGE_STRING "libcmaes 0.9.5"
| #define PACKAGE_BUGREPORT ""
| #define PACKAGE_URL ""
| #define PACKAGE "libcmaes"
| #define VERSION "0.9.5"
| /* end confdefs.h.  */
| 
| int
| main ()
| {
| 
|   ;
|   return 0;
| }
configure:3600: clang++ -c -g  conftest.c >&5
clang: warning: treating 'c' input as 'c++' when in C++ mode, this behavior is deprecated
configure:3600: $? = 0
configure:3610: result: yes
configure:3627: checking for clang++ option to accept ISO C89
configure:3690: clang++  -c -g -O2  conftest.c >&5
clang: warning: treating 'c' input as 'c++' when in C++ mode, this behavior is deprecated
conftest.c:17:17: error: C++ requires a type specifier for all declarations
static char *e (p, i)
                ^
conftest.c:17:20: error: unknown type name 'i'
static char *e (p, i)
                   ^
conftest.c:17:22: error: expected ';' after top level declarator
static char *e (p, i)
                     ^
                     ;
conftest.c:20:1: error: expected unqualified-id
{
^
4 errors generated.
configure:3690: $? = 1
configure: failed program was:
| /* confdefs.h */
| #define PACKAGE_NAME "libcmaes"
| #define PACKAGE_TARNAME "libcmaes"
| #define PACKAGE_VERSION "0.9.5"
| #define PACKAGE_STRING "libcmaes 0.9.5"
| #define PACKAGE_BUGREPORT ""
| #define PACKAGE_URL ""
| #define PACKAGE "libcmaes"
| #define VERSION "0.9.5"
| /* end confdefs.h.  */
| #include <stdarg.h>
| #include <stdio.h>
| struct stat;
| /* Most of the following tests are stolen from RCS 5.7's src/conf.sh.  */
| struct buf { int x; };
| FILE * (*rcsopen) (struct buf *, struct stat *, int);
| static char *e (p, i)
|      char **p;
|      int i;
| {
|   return p[i];
| }
| static char *f (char * (*g) (char **, int), char **p, ...)
| {
|   char *s;
|   va_list v;
|   va_start (v,p);
|   s = g (p, va_arg (v,int));
|   va_end (v);
|   return s;
| }
| 
| /* OSF 4.0 Compaq cc is some sort of almost-ANSI by default.  It has
|    function prototypes and stuff, but not '\xHH' hex character constants.
|    These don't provoke an error unfortunately, instead are silently treated
|    as 'x'.  The following induces an error, until -std is added to get
|    proper ANSI mode.  Curiously '\x00'!='x' always comes out true, for an
|    array size at least.  It's necessary to write '\x00'==0 to get something
|    that's true only with -std.  */
| int osf4_cc_array ['\x00' == 0 ? 1 : -1];
| 
| /* IBM C 6 for AIX is almost-ANSI by default, but it replaces macro parameters
|    inside strings and character constants.  */
| #define FOO(x) 'x'
| int xlc6_cc_array[FOO(a) == 'x' ? 1 : -1];
| 
| int test (int i, double x);
| struct s1 {int (*f) (int a);};
| struct s2 {int (*f) (double a);};
| int pairnames (int, char **, FILE *(*)(struct buf *, struct stat *, int), int, int);
| int argc;
| char **argv;
| int
| main ()
| {
| return f (e, argv, 0) != argv[0]  ||  f (e, argv, 1) != argv[1];
|   ;
|   return 0;
| }
configure:3690: clang++ -qlanglvl=extc89 -c -g -O2  conftest.c >&5
clang: error: unknown argument: '-qlanglvl=extc89'
clang: warning: treating 'c' input as 'c++' when in C++ mode, this behavior is deprecated
configure:3690: $? = 1
configure: failed program was:
| /* confdefs.h */
| #define PACKAGE_NAME "libcmaes"
| #define PACKAGE_TARNAME "libcmaes"
| #define PACKAGE_VERSION "0.9.5"
| #define PACKAGE_STRING "libcmaes 0.9.5"
| #define PACKAGE_BUGREPORT ""
| #define PACKAGE_URL ""
| #define PACKAGE "libcmaes"
| #define VERSION "0.9.5"
| /* end confdefs.h.  */
| #include <stdarg.h>
| #include <stdio.h>
| struct stat;
| /* Most of the following tests are stolen from RCS 5.7's src/conf.sh.  */
| struct buf { int x; };
| FILE * (*rcsopen) (struct buf *, struct stat *, int);
| static char *e (p, i)
|      char **p;
|      int i;
| {
|   return p[i];
| }
| static char *f (char * (*g) (char **, int), char **p, ...)
| {
|   char *s;
|   va_list v;
|   va_start (v,p);
|   s = g (p, va_arg (v,int));
|   va_end (v);
|   return s;
| }
| 
| /* OSF 4.0 Compaq cc is some sort of almost-ANSI by default.  It has
|    function prototypes and stuff, but not '\xHH' hex character constants.
|    These don't provoke an error unfortunately, instead are silently treated
|    as 'x'.  The following induces an error, until -std is added to get
|    proper ANSI mode.  Curiously '\x00'!='x' always comes out true, for an
|    array size at least.  It's necessary to write '\x00'==0 to get something
|    that's true only with -std.  */
| int osf4_cc_array ['\x00' == 0 ? 1 : -1];
| 
| /* IBM C 6 for AIX is almost-ANSI by default, but it replaces macro parameters
|    inside strings and character constants.  */
| #define FOO(x) 'x'
| int xlc6_cc_array[FOO(a) == 'x' ? 1 : -1];
| 
| int test (int i, double x);
| struct s1 {int (*f) (int a);};
| struct s2 {int (*f) (double a);};
| int pairnames (int, char **, FILE *(*)(struct buf *, struct stat *, int), int, int);
| int argc;
| char **argv;
| int
| main ()
| {
| return f (e, argv, 0) != argv[0]  ||  f (e, argv, 1) != argv[1];
|   ;
|   return 0;
| }
configure:3690: clang++ -qlanglvl=ansi -c -g -O2  conftest.c >&5
clang: error: unknown argument: '-qlanglvl=ansi'
clang: warning: treating 'c' input as 'c++' when in C++ mode, this behavior is deprecated
configure:3690: $? = 1
configure: failed program was:
| /* confdefs.h */
| #define PACKAGE_NAME "libcmaes"
| #define PACKAGE_TARNAME "libcmaes"
| #define PACKAGE_VERSION "0.9.5"
| #define PACKAGE_STRING "libcmaes 0.9.5"
| #define PACKAGE_BUGREPORT ""
| #define PACKAGE_URL ""
| #define PACKAGE "libcmaes"
| #define VERSION "0.9.5"
| /* end confdefs.h.  */
| #include <stdarg.h>
| #include <stdio.h>
| struct stat;
| /* Most of the following tests are stolen from RCS 5.7's src/conf.sh.  */
| struct buf { int x; };
| FILE * (*rcsopen) (struct buf *, struct stat *, int);
| static char *e (p, i)
|      char **p;
|      int i;
| {
|   return p[i];
| }
| static char *f (char * (*g) (char **, int), char **p, ...)
| {
|   char *s;
|   va_list v;
|   va_start (v,p);
|   s = g (p, va_arg (v,int));
|   va_end (v);
|   return s;
| }
| 
| /* OSF 4.0 Compaq cc is some sort of almost-ANSI by default.  It has
|    function prototypes and stuff, but not '\xHH' hex character constants.
|    These don't provoke an error unfortunately, instead are silently treated
|    as 'x'.  The following induces an error, until -std is added to get
|    proper ANSI mode.  Curiously '\x00'!='x' always comes out true, for an
|    array size at least.  It's necessary to write '\x00'==0 to get something
|    that's true only with -std.  */
| int osf4_cc_array ['\x00' == 0 ? 1 : -1];
| 
| /* IBM C 6 for AIX is almost-ANSI by default, but it replaces macro parameters
|    inside strings and character constants.  */
| #define FOO(x) 'x'
| int xlc6_cc_array[FOO(a) == 'x' ? 1 : -1];
| 
| int test (int i, double x);
| struct s1 {int (*f) (int a);};
| struct s2 {int (*f) (double a);};
| int pairnames (int, char **, FILE *(*)(struct buf *, struct stat *, int), int, int);
| int argc;
| char **argv;
| int
| main ()
| {
| return f (e, argv, 0) != argv[0]  ||  f (e, argv, 1) != argv[1];
|   ;
|   return 0;
| }
configure:3690: clang++ -std -c -g -O2  conftest.c >&5
clang: error: unknown argument: '-std'
clang: warning: treating 'c' input as 'c++' when in C++ mode, this behavior is deprecated
configure:3690: $? = 1
configure: failed program was:
| /* confdefs.h */
| #define PACKAGE_NAME "libcmaes"
| #define PACKAGE_TARNAME "libcmaes"
| #define PACKAGE_VERSION "0.9.5"
| #define PACKAGE_STRING "libcmaes 0.9.5"
| #define PACKAGE_BUGREPORT ""
| #define PACKAGE_URL ""
| #define PACKAGE "libcmaes"
| #define VERSION "0.9.5"
| /* end confdefs.h.  */
| #include <stdarg.h>
| #include <stdio.h>
| struct stat;
| /* Most of the following tests are stolen from RCS 5.7's src/conf.sh.  */
| struct buf { int x; };
| FILE * (*rcsopen) (struct buf *, struct stat *, int);
| static char *e (p, i)
|      char **p;
|      int i;
| {
|   return p[i];
| }
| static char *f (char * (*g) (char **, int), char **p, ...)
| {
|   char *s;
|   va_list v;
|   va_start (v,p);
|   s = g (p, va_arg (v,int));
|   va_end (v);
|   return s;
| }
| 
| /* OSF 4.0 Compaq cc is some sort of almost-ANSI by default.  It has
|    function prototypes and stuff, but not '\xHH' hex character constants.
|    These don't provoke an error unfortunately, instead are silently treated
|    as 'x'.  The following induces an error, until -std is added to get
|    proper ANSI mode.  Curiously '\x00'!='x' always comes out true, for an
|    array size at least.  It's necessary to write '\x00'==0 to get something
|    that's true only with -std.  */
| int osf4_cc_array ['\x00' == 0 ? 1 : -1];
| 
| /* IBM C 6 for AIX is almost-ANSI by default, but it replaces macro parameters
|    inside strings and character constants.  */
| #define FOO(x) 'x'
| int xlc6_cc_array[FOO(a) == 'x' ? 1 : -1];
| 
| int test (int i, double x);
| struct s1 {int (*f) (int a);};
| struct s2 {int (*f) (double a);};
| int pairnames (int, char **, FILE *(*)(struct buf *, struct stat *, int), int, int);
| int argc;
| char **argv;
| int
| main ()
| {
| return f (e, argv, 0) != argv[0]  ||  f (e, argv, 1) != argv[1];
|   ;
|   return 0;
| }
configure:3690: clang++ -Ae -c -g -O2  conftest.c >&5
clang: warning: treating 'c' input as 'c++' when in C++ mode, this behavior is deprecated
clang: warning: argument unused during compilation: '-Ae'
conftest.c:17:17: error: C++ requires a type specifier for all declarations
static char *e (p, i)
                ^
conftest.c:17:20: error: unknown type name 'i'
static char *e (p, i)
                   ^
conftest.c:17:22: error: expected ';' after top level declarator
static char *e (p, i)
                     ^
                     ;
conftest.c:20:1: error: expected unqualified-id
{
^
4 errors generated.
configure:3690: $? = 1
configure: failed program was:
| /* confdefs.h */
| #define PACKAGE_NAME "libcmaes"
| #define PACKAGE_TARNAME "libcmaes"
| #define PACKAGE_VERSION "0.9.5"
| #define PACKAGE_STRING "libcmaes 0.9.5"
| #define PACKAGE_BUGREPORT ""
| #define PACKAGE_URL ""
| #define PACKAGE "libcmaes"
| #define VERSION "0.9.5"
| /* end confdefs.h.  */
| #include <stdarg.h>
| #include <stdio.h>
| struct stat;
| /* Most of the following tests are stolen from RCS 5.7's src/conf.sh.  */
| struct buf { int x; };
| FILE * (*rcsopen) (struct buf *, struct stat *, int);
| static char *e (p, i)
|      char **p;
|      int i;
| {
|   return p[i];
| }
| static char *f (char * (*g) (char **, int), char **p, ...)
| {
|   char *s;
|   va_list v;
|   va_start (v,p);
|   s = g (p, va_arg (v,int));
|   va_end (v);
|   return s;
| }
| 
| /* OSF 4.0 Compaq cc is some sort of almost-ANSI by default.  It has
|    function prototypes and stuff, but not '\xHH' hex character constants.
|    These don't provoke an error unfortunately, instead are silently treated
|    as 'x'.  The following induces an error, until -std is added to get
|    proper ANSI mode.  Curiously '\x00'!='x' always comes out true, for an
|    array size at least.  It's necessary to write '\x00'==0 to get something
|    that's true only with -std.  */
| int osf4_cc_array ['\x00' == 0 ? 1 : -1];
| 
| /* IBM C 6 for AIX is almost-ANSI by default, but it replaces macro parameters
|    inside strings and character constants.  */
| #define FOO(x) 'x'
| int xlc6_cc_array[FOO(a) == 'x' ? 1 : -1];
| 
| int test (int i, double x);
| struct s1 {int (*f) (int a);};
| struct s2 {int (*f) (double a);};
| int pairnames (int, char **, FILE *(*)(struct buf *, struct stat *, int), int, int);
| int argc;
| char **argv;
| int
| main ()
| {
| return f (e, argv, 0) != argv[0]  ||  f (e, argv, 1) != argv[1];
|   ;
|   return 0;
| }
configure:3690: clang++ -Aa -D_HPUX_SOURCE -c -g -O2  conftest.c >&5
clang: warning: treating 'c' input as 'c++' when in C++ mode, this behavior is deprecated
clang: warning: argument unused during compilation: '-Aa'
conftest.c:17:17: error: C++ requires a type specifier for all declarations
static char *e (p, i)
                ^
conftest.c:17:20: error: unknown type name 'i'
static char *e (p, i)
                   ^
conftest.c:17:22: error: expected ';' after top level declarator
static char *e (p, i)
                     ^
                     ;
conftest.c:20:1: error: expected unqualified-id
{
^
4 errors generated.
configure:3690: $? = 1
configure: failed program was:
| /* confdefs.h */
| #define PACKAGE_NAME "libcmaes"
| #define PACKAGE_TARNAME "libcmaes"
| #define PACKAGE_VERSION "0.9.5"
| #define PACKAGE_STRING "libcmaes 0.9.5"
| #define PACKAGE_BUGREPORT ""
| #define PACKAGE_URL ""
| #define PACKAGE "libcmaes"
| #define VERSION "0.9.5"
| /* end confdefs.h.  */
| #include <stdarg.h>
| #include <stdio.h>
| struct stat;
| /* Most of the following tests are stolen from RCS 5.7's src/conf.sh.  */
| struct buf { int x; };
| FILE * (*rcsopen) (struct buf *, struct stat *, int);
| static char *e (p, i)
|      char **p;
|      int i;
| {
|   return p[i];
| }
| static char *f (char * (*g) (char **, int), char **p, ...)
| {
|   char *s;
|   va_list v;
|   va_start (v,p);
|   s = g (p, va_arg (v,int));
|   va_end (v);
|   return s;
| }
| 
| /* OSF 4.0 Compaq cc is some sort of almost-ANSI by default.  It has
|    function prototypes and stuff, but not '\xHH' hex character constants.
|    These don't provoke an error unfortunately, instead are silently treated
|    as 'x'.  The following induces an error, until -std is added to get
|    proper ANSI mode.  Curiously '\x00'!='x' always comes out true, for an
|    array size at least.  It's necessary to write '\x00'==0 to get something
|    that's true only with -std.  */
| int osf4_cc_array ['\x00' == 0 ? 1 : -1];
| 
| /* IBM C 6 for AIX is almost-ANSI by default, but it replaces macro parameters
|    inside strings and character constants.  */
| #define FOO(x) 'x'
| int xlc6_cc_array[FOO(a) == 'x' ? 1 : -1];
| 
| int test (int i, double x);
| struct s1 {int (*f) (int a);};
| struct s2 {int (*f) (double a);};
| int pairnames (int, char **, FILE *(*)(struct buf *, struct stat *, int), int, int);
| int argc;
| char **argv;
| int
| main ()
| {
| return f (e, argv, 0) != argv[0]  ||  f (e, argv, 1) != argv[1];
|   ;
|   return 0;
| }
configure:3690: clang++ -Xc -D__EXTENSIONS__ -c -g -O2  conftest.c >&5
clang: warning: treating 'c' input as 'c++' when in C++ mode, this behavior is deprecated
clang: warning: argument unused during compilation: '-Xc'
conftest.c:17:17: error: C++ requires a type specifier for all declarations
static char *e (p, i)
                ^
conftest.c:17:20: error: unknown type name 'i'
static char *e (p, i)
                   ^
conftest.c:17:22: error: expected ';' after top level declarator
static char *e (p, i)
                     ^
                     ;
conftest.c:20:1: error: expected unqualified-id
{
^
4 errors generated.
configure:3690: $? = 1
configure: failed program was:
| /* confdefs.h */
| #define PACKAGE_NAME "libcmaes"
| #define PACKAGE_TARNAME "libcmaes"
| #define PACKAGE_VERSION "0.9.5"
| #define PACKAGE_STRING "libcmaes 0.9.5"
| #define PACKAGE_BUGREPORT ""
| #define PACKAGE_URL ""
| #define PACKAGE "libcmaes"
| #define VERSION "0.9.5"
| /* end confdefs.h.  */
| #include <stdarg.h>
| #include <stdio.h>
| struct stat;
| /* Most of the following tests are stolen from RCS 5.7's src/conf.sh.  */
| struct buf { int x; };
| FILE * (*rcsopen) (struct buf *, struct stat *, int);
| static char *e (p, i)
|      char **p;
|      int i;
| {
|   return p[i];
| }
| static char *f (char * (*g) (char **, int), char **p, ...)
| {
|   char *s;
|   va_list v;
|   va_start (v,p);
|   s = g (p, va_arg (v,int));
|   va_end (v);
|   return s;
| }
| 
| /* OSF 4.0 Compaq cc is some sort of almost-ANSI by default.  It has
|    function prototypes and stuff, but not '\xHH' hex character constants.
|    These don't provoke an error unfortunately, instead are silently treated
|    as 'x'.  The following induces an error, until -std is added to get
|    proper ANSI mode.  Curiously '\x00'!='x' always comes out true, for an
|    array size at least.  It's necessary to write '\x00'==0 to get something
|    that's true only with -std.  */
| int osf4_cc_array ['\x00' == 0 ? 1 : -1];
| 
| /* IBM C 6 for AIX is almost-ANSI by default, but it replaces macro parameters
|    inside strings and character constants.  */
| #define FOO(x) 'x'
| int xlc6_cc_array[FOO(a) == 'x' ? 1 : -1];
| 
| int test (int i, double x);
| struct s1 {int (*f) (int a);};
| struct s2 {int (*f) (double a);};
| int pairnames (int, char **, FILE *(*)(struct buf *, struct stat *, int), int, int);
| int argc;
| char **argv;
| int
| main ()
| {
| return f (e, argv, 0) != argv[0]  ||  f (e, argv, 1) != argv[1];
|   ;
|   return 0;
| }
configure:3706: result: unsupported
configure:3728: checking whether clang++ understands -c and -o together
configure:3750: clang++ -c conftest.c -o conftest2.o
clang: warning: treating 'c' input as 'c++' when in C++ mode, this behavior is deprecated
configure:3753: $? = 0
configure:3750: clang++ -c conftest.c -o conftest2.o
clang: warning: treating 'c' input as 'c++' when in C++ mode, this behavior is deprecated
configure:3753: $? = 0
configure:3765: result: yes
configure:3793: checking for style of include used by make
configure:3821: result: GNU
configure:3847: checking dependency style of clang++
configure:3958: result: gcc3
configure:4031: checking for clang++
configure:4047: found /usr/bin/clang++
configure:4058: result: clang++
configure:4085: checking for C++ compiler version
configure:4094: clang++ --version >&5
Apple LLVM version 7.0.0 (clang-700.1.76)
Target: x86_64-apple-darwin15.0.0
Thread model: posix
configure:4105: $? = 0
configure:4094: clang++ -v >&5
Apple LLVM version 7.0.0 (clang-700.1.76)
Target: x86_64-apple-darwin15.0.0
Thread model: posix
configure:4105: $? = 0
configure:4094: clang++ -V >&5
clang: error: argument to '-V' is missing (expected 1 value)
clang: error: no input files
configure:4105: $? = 1
configure:4094: clang++ -qversion >&5
clang: error: unknown argument: '-qversion'
clang: error: no input files
configure:4105: $? = 1
configure:4109: checking whether we are using the GNU C++ compiler
configure:4128: clang++ -c   conftest.cpp >&5
configure:4128: $? = 0
configure:4137: result: yes
configure:4146: checking whether clang++ accepts -g
configure:4166: clang++ -c -g  conftest.cpp >&5
configure:4166: $? = 0
configure:4207: result: yes
configure:4232: checking dependency style of clang++
configure:4343: result: gcc3
configure:4413: checking how to print strings
configure:4440: result: printf
configure:4461: checking for a sed that does not truncate output
configure:4525: result: /usr/local/bin/gsed
configure:4543: checking for grep that handles long lines and -e
configure:4601: result: /usr/local/bin/ggrep
configure:4606: checking for egrep
configure:4668: result: /usr/local/bin/ggrep -E
configure:4673: checking for fgrep
configure:4735: result: /usr/local/bin/ggrep -F
configure:4770: checking for ld used by clang++
configure:4837: result: /Applications/Xcode.app/Contents/Developer/Toolchains/XcodeDefault.xctoolchain/usr/bin/ld
configure:4844: checking if the linker (/Applications/Xcode.app/Contents/Developer/Toolchains/XcodeDefault.xctoolchain/usr/bin/ld) is GNU ld
configure:4859: result: no
configure:4871: checking for BSD- or MS-compatible name lister (nm)
configure:4925: result: /usr/bin/nm
configure:5055: checking the name lister (/usr/bin/nm) interface
configure:5062: clang++ -c -g -O2  conftest.c >&5
clang: warning: treating 'c' input as 'c++' when in C++ mode, this behavior is deprecated
configure:5065: /usr/bin/nm "conftest.o"
configure:5068: output
00000000000001f4 S _some_variable
configure:5075: result: BSD nm
configure:5078: checking whether ln -s works
configure:5082: result: yes
configure:5090: checking the maximum length of command line arguments
configure:5221: result: 196608
configure:5269: checking how to convert x86_64-apple-darwin15.0.0 file names to x86_64-apple-darwin15.0.0 format
configure:5309: result: func_convert_file_noop
configure:5316: checking how to convert x86_64-apple-darwin15.0.0 file names to toolchain format
configure:5336: result: func_convert_file_noop
configure:5343: checking for /Applications/Xcode.app/Contents/Developer/Toolchains/XcodeDefault.xctoolchain/usr/bin/ld option to reload object files
configure:5350: result: -r
configure:5424: checking for objdump
configure:5454: result: no
configure:5483: checking how to recognize dependent libraries
configure:5683: result: pass_all
configure:5768: checking for dlltool
configure:5798: result: no
configure:5828: checking how to associate runtime and link libraries
configure:5855: result: printf %s\n
configure:5916: checking for ar
configure:5932: found /usr/bin/ar
configure:5943: result: ar
configure:5980: checking for archiver @FILE support
configure:5997: clang++ -c -g -O2  conftest.c >&5
clang: warning: treating 'c' input as 'c++' when in C++ mode, this behavior is deprecated
configure:5997: $? = 0
configure:6000: ar cru libconftest.a @conftest.lst >&5
ar: @conftest.lst: No such file or directory
configure:6003: $? = 1
configure:6023: result: no
configure:6081: checking for strip
configure:6097: found /usr/bin/strip
configure:6108: result: strip
configure:6180: checking for ranlib
configure:6196: found /usr/bin/ranlib
configure:6207: result: ranlib
configure:6309: checking command to parse /usr/bin/nm output from clang++ object
configure:6462: clang++ -c -g -O2  conftest.c >&5
clang: warning: treating 'c' input as 'c++' when in C++ mode, this behavior is deprecated
configure:6465: $? = 0
configure:6469: /usr/bin/nm conftest.o \| sed -n -e 's/^.*[ ]\([BCDEGRST][BCDEGRST]*\)[ ][ ]*\([_A-Za-z][_A-Za-z0-9]*\)$/\1 \2 \2/p' | sed '/ __gnu_lto/d' \> conftest.nm
configure:6472: $? = 0
cannot find nm_test_var in conftest.nm
configure:6462: clang++ -c -g -O2  conftest.c >&5
clang: warning: treating 'c' input as 'c++' when in C++ mode, this behavior is deprecated
configure:6465: $? = 0
configure:6469: /usr/bin/nm conftest.o \| sed -n -e 's/^.*[ ]\([BCDEGRST][BCDEGRST]*\)[ ][ ]*_\([_A-Za-z][_A-Za-z0-9]*\)$/\1 _\2 \2/p' | sed '/ __gnu_lto/d' \> conftest.nm
configure:6472: $? = 0
configure:6538: clang++ -o conftest -g -O2   conftest.c conftstm.o >&5
clang: warning: treating 'c' input as 'c++' when in C++ mode, this behavior is deprecated
configure:6541: $? = 0
configure:6579: result: ok
configure:6626: checking for sysroot
configure:6656: result: no
configure:6663: checking for a working dd
configure:6701: result: /bin/dd
configure:6705: checking how to truncate binary pipes
configure:6720: result: /bin/dd bs=4096 count=1
configure:7049: checking for mt
configure:7079: result: no
configure:7099: checking if : is a manifest tool
configure:7105: : '-?'
configure:7113: result: no
configure:7169: checking for dsymutil
configure:7185: found /usr/bin/dsymutil
configure:7196: result: dsymutil
configure:7261: checking for nmedit
configure:7277: found /usr/bin/nmedit
configure:7288: result: nmedit
configure:7353: checking for lipo
configure:7369: found /usr/bin/lipo
configure:7380: result: lipo
configure:7445: checking for otool
configure:7461: found /usr/bin/otool
configure:7472: result: otool
configure:7537: checking for otool64
configure:7567: result: no
configure:7612: checking for -single_module linker flag
clang++ -g -O2  -o libconftest.dylib -dynamiclib -Wl,-single_module conftest.c
configure:7645: result: yes
configure:7648: checking for -exported_symbols_list linker flag
configure:7668: clang++ -o conftest -g -O2   -Wl,-exported_symbols_list,conftest.sym conftest.c  >&5
clang: warning: treating 'c' input as 'c++' when in C++ mode, this behavior is deprecated
configure:7668: $? = 0
configure:7678: result: yes
configure:7681: checking for -force_load linker flag
clang++ -g -O2 -c -o conftest.o conftest.c
clang: warning: treating 'c' input as 'c++' when in C++ mode, this behavior is deprecated
ar cru libconftest.a conftest.o
ranlib libconftest.a
clang++ -g -O2  -o conftest conftest.c -Wl,-force_load,./libconftest.a
configure:7713: result: yes
configure:7790: checking how to run the C preprocessor
configure:7821: clang++ -E  conftest.c
clang: warning: treating 'c' input as 'c++' when in C++ mode, this behavior is deprecated
configure:7821: $? = 0
configure:7835: clang++ -E  conftest.c
clang: warning: treating 'c' input as 'c++' when in C++ mode, this behavior is deprecated
conftest.c:11:10: fatal error: 'ac_nonexistent.h' file not found
#include <ac_nonexistent.h>
         ^
1 error generated.
configure:7835: $? = 1
configure: failed program was:
| /* confdefs.h */
| #define PACKAGE_NAME "libcmaes"
| #define PACKAGE_TARNAME "libcmaes"
| #define PACKAGE_VERSION "0.9.5"
| #define PACKAGE_STRING "libcmaes 0.9.5"
| #define PACKAGE_BUGREPORT ""
| #define PACKAGE_URL ""
| #define PACKAGE "libcmaes"
| #define VERSION "0.9.5"
| /* end confdefs.h.  */
| #include <ac_nonexistent.h>
configure:7860: result: clang++ -E
configure:7880: clang++ -E  conftest.c
clang: warning: treating 'c' input as 'c++' when in C++ mode, this behavior is deprecated
configure:7880: $? = 0
configure:7894: clang++ -E  conftest.c
clang: warning: treating 'c' input as 'c++' when in C++ mode, this behavior is deprecated
conftest.c:11:10: fatal error: 'ac_nonexistent.h' file not found
#include <ac_nonexistent.h>
         ^
1 error generated.
configure:7894: $? = 1
configure: failed program was:
| /* confdefs.h */
| #define PACKAGE_NAME "libcmaes"
| #define PACKAGE_TARNAME "libcmaes"
| #define PACKAGE_VERSION "0.9.5"
| #define PACKAGE_STRING "libcmaes 0.9.5"
| #define PACKAGE_BUGREPORT ""
| #define PACKAGE_URL ""
| #define PACKAGE "libcmaes"
| #define VERSION "0.9.5"
| /* end confdefs.h.  */
| #include <ac_nonexistent.h>
configure:7923: checking for ANSI C header files
configure:7943: clang++ -c -g -O2  conftest.c >&5
clang: warning: treating 'c' input as 'c++' when in C++ mode, this behavior is deprecated
configure:7943: $? = 0
clang: warning: treating 'c' input as 'c++' when in C++ mode, this behavior is deprecated
clang: warning: treating 'c' input as 'c++' when in C++ mode, this behavior is deprecated
configure:8016: clang++ -o conftest -g -O2   conftest.c  >&5
clang: warning: treating 'c' input as 'c++' when in C++ mode, this behavior is deprecated
configure:8016: $? = 0
configure:8016: ./conftest
configure:8016: $? = 0
configure:8027: result: yes
configure:8040: checking for sys/types.h
configure:8040: clang++ -c -g -O2  conftest.c >&5
clang: warning: treating 'c' input as 'c++' when in C++ mode, this behavior is deprecated
configure:8040: $? = 0
configure:8040: result: yes
configure:8040: checking for sys/stat.h
configure:8040: clang++ -c -g -O2  conftest.c >&5
clang: warning: treating 'c' input as 'c++' when in C++ mode, this behavior is deprecated
configure:8040: $? = 0
configure:8040: result: yes
configure:8040: checking for stdlib.h
configure:8040: clang++ -c -g -O2  conftest.c >&5
clang: warning: treating 'c' input as 'c++' when in C++ mode, this behavior is deprecated
configure:8040: $? = 0
configure:8040: result: yes
configure:8040: checking for string.h
configure:8040: clang++ -c -g -O2  conftest.c >&5
clang: warning: treating 'c' input as 'c++' when in C++ mode, this behavior is deprecated
configure:8040: $? = 0
configure:8040: result: yes
configure:8040: checking for memory.h
configure:8040: clang++ -c -g -O2  conftest.c >&5
clang: warning: treating 'c' input as 'c++' when in C++ mode, this behavior is deprecated
configure:8040: $? = 0
configure:8040: result: yes
configure:8040: checking for strings.h
configure:8040: clang++ -c -g -O2  conftest.c >&5
clang: warning: treating 'c' input as 'c++' when in C++ mode, this behavior is deprecated
configure:8040: $? = 0
configure:8040: result: yes
configure:8040: checking for inttypes.h
configure:8040: clang++ -c -g -O2  conftest.c >&5
clang: warning: treating 'c' input as 'c++' when in C++ mode, this behavior is deprecated
configure:8040: $? = 0
configure:8040: result: yes
configure:8040: checking for stdint.h
configure:8040: clang++ -c -g -O2  conftest.c >&5
clang: warning: treating 'c' input as 'c++' when in C++ mode, this behavior is deprecated
configure:8040: $? = 0
configure:8040: result: yes
configure:8040: checking for unistd.h
configure:8040: clang++ -c -g -O2  conftest.c >&5
clang: warning: treating 'c' input as 'c++' when in C++ mode, this behavior is deprecated
configure:8040: $? = 0
configure:8040: result: yes
configure:8054: checking for dlfcn.h
configure:8054: clang++ -c -g -O2  conftest.c >&5
clang: warning: treating 'c' input as 'c++' when in C++ mode, this behavior is deprecated
configure:8054: $? = 0
configure:8054: result: yes
configure:8321: checking for objdir
configure:8336: result: .libs
configure:8596: checking if clang++ supports -fno-rtti -fno-exceptions
configure:8614: clang++ -c -g -O2  -fno-rtti -fno-exceptions conftest.c >&5
clang: warning: treating 'c' input as 'c++' when in C++ mode, this behavior is deprecated
configure:8618: $? = 0
configure:8631: result: yes
configure:8989: checking for clang++ option to produce PIC
configure:8996: result: -fno-common -DPIC
configure:9004: checking if clang++ PIC flag -fno-common -DPIC works
configure:9022: clang++ -c -g -O2  -fno-common -DPIC -DPIC conftest.c >&5
clang: warning: treating 'c' input as 'c++' when in C++ mode, this behavior is deprecated
configure:9026: $? = 0
configure:9039: result: yes
configure:9068: checking if clang++ static flag -static works
configure:9096: result: no
configure:9111: checking if clang++ supports -c -o file.o
configure:9132: clang++ -c -g -O2  -o out/conftest2.o conftest.c >&5
clang: warning: treating 'c' input as 'c++' when in C++ mode, this behavior is deprecated
configure:9136: $? = 0
configure:9158: result: yes
configure:9166: checking if clang++ supports -c -o file.o
configure:9213: result: yes
configure:9246: checking whether the clang++ linker (/Applications/Xcode.app/Contents/Developer/Toolchains/XcodeDefault.xctoolchain/usr/bin/ld) supports shared libraries
configure:10505: result: yes
configure:10745: checking dynamic linker characteristics
configure:11563: result: darwin15.0.0 dyld
configure:11685: checking how to hardcode library paths into programs
configure:11710: result: immediate
configure:12258: checking whether stripping libraries is possible
configure:12272: result: yes
configure:12298: checking if libtool supports shared libraries
configure:12300: result: yes
configure:12303: checking whether to build shared libraries
configure:12328: result: yes
configure:12331: checking whether to build static libraries
configure:12335: result: yes
configure:12358: checking how to run the C++ preprocessor
configure:12385: clang++ -E  conftest.cpp
configure:12385: $? = 0
configure:12399: clang++ -E  conftest.cpp
conftest.cpp:23:10: fatal error: 'ac_nonexistent.h' file not found
#include <ac_nonexistent.h>
         ^
1 error generated.
configure:12399: $? = 1
configure: failed program was:
| /* confdefs.h */
| #define PACKAGE_NAME "libcmaes"
| #define PACKAGE_TARNAME "libcmaes"
| #define PACKAGE_VERSION "0.9.5"
| #define PACKAGE_STRING "libcmaes 0.9.5"
| #define PACKAGE_BUGREPORT ""
| #define PACKAGE_URL ""
| #define PACKAGE "libcmaes"
| #define VERSION "0.9.5"
| #define STDC_HEADERS 1
| #define HAVE_SYS_TYPES_H 1
| #define HAVE_SYS_STAT_H 1
| #define HAVE_STDLIB_H 1
| #define HAVE_STRING_H 1
| #define HAVE_MEMORY_H 1
| #define HAVE_STRINGS_H 1
| #define HAVE_INTTYPES_H 1
| #define HAVE_STDINT_H 1
| #define HAVE_UNISTD_H 1
| #define HAVE_DLFCN_H 1
| #define LT_OBJDIR ".libs/"
| /* end confdefs.h.  */
| #include <ac_nonexistent.h>
configure:12424: result: clang++ -E
configure:12444: clang++ -E  conftest.cpp
configure:12444: $? = 0
configure:12458: clang++ -E  conftest.cpp
conftest.cpp:23:10: fatal error: 'ac_nonexistent.h' file not found
#include <ac_nonexistent.h>
         ^
1 error generated.
configure:12458: $? = 1
configure: failed program was:
| /* confdefs.h */
| #define PACKAGE_NAME "libcmaes"
| #define PACKAGE_TARNAME "libcmaes"
| #define PACKAGE_VERSION "0.9.5"
| #define PACKAGE_STRING "libcmaes 0.9.5"
| #define PACKAGE_BUGREPORT ""
| #define PACKAGE_URL ""
| #define PACKAGE "libcmaes"
| #define VERSION "0.9.5"
| #define STDC_HEADERS 1
| #define HAVE_SYS_TYPES_H 1
| #define HAVE_SYS_STAT_H 1
| #define HAVE_STDLIB_H 1
| #define HAVE_STRING_H 1
| #define HAVE_MEMORY_H 1
| #define HAVE_STRINGS_H 1
| #define HAVE_INTTYPES_H 1
| #define HAVE_STDINT_H 1
| #define HAVE_UNISTD_H 1
| #define HAVE_DLFCN_H 1
| #define LT_OBJDIR ".libs/"
| /* end confdefs.h.  */
| #include <ac_nonexistent.h>
configure:12620: checking for ld used by clang++
configure:12687: result: /Applications/Xcode.app/Contents/Developer/Toolchains/XcodeDefault.xctoolchain/usr/bin/ld
configure:12694: checking if the linker (/Applications/Xcode.app/Contents/Developer/Toolchains/XcodeDefault.xctoolchain/usr/bin/ld) is GNU ld
configure:12709: result: no
configure:12764: checking whether the clang++ linker (/Applications/Xcode.app/Contents/Developer/Toolchains/XcodeDefault.xctoolchain/usr/bin/ld) supports shared libraries
configure:13837: result: yes
configure:13873: clang++ -c -g -O2  conftest.cpp >&5
configure:13876: $? = 0
configure:14357: checking for clang++ option to produce PIC
configure:14364: result: -fno-common -DPIC
configure:14372: checking if clang++ PIC flag -fno-common -DPIC works
configure:14390: clang++ -c -g -O2  -fno-common -DPIC -DPIC conftest.cpp >&5
configure:14394: $? = 0
configure:14407: result: yes
configure:14430: checking if clang++ static flag -static works
configure:14458: result: no
configure:14470: checking if clang++ supports -c -o file.o
configure:14491: clang++ -c -g -O2  -o out/conftest2.o conftest.cpp >&5
configure:14495: $? = 0
configure:14517: result: yes
configure:14522: checking if clang++ supports -c -o file.o
configure:14569: result: yes
configure:14599: checking whether the clang++ linker (/Applications/Xcode.app/Contents/Developer/Toolchains/XcodeDefault.xctoolchain/usr/bin/ld) supports shared libraries
configure:14639: result: yes
configure:14780: checking dynamic linker characteristics
configure:15525: result: darwin15.0.0 dyld
configure:15590: checking how to hardcode library paths into programs
configure:15615: result: immediate
configure:15726: checking whether clang++ supports C++11 features by default
configure:15760: clang++ -c -g -O2  conftest.cpp >&5
conftest.cpp:27:21: error: expected parameter declarator
      static_assert(sizeof(int) <= sizeof(T), "not big enough");
                    ^
conftest.cpp:27:21: error: expected ')'
conftest.cpp:27:20: note: to match this '('
      static_assert(sizeof(int) <= sizeof(T), "not big enough");
                   ^
conftest.cpp:27:7: error: C++ requires a type specifier for all declarations
      static_assert(sizeof(int) <= sizeof(T), "not big enough");
      ^
conftest.cpp:34:22: warning: 'override' keyword is a C++11 extension [-Wc++11-extensions]
    virtual void f() override {}
                     ^
conftest.cpp:37:29: error: a space is required between consecutive right angle brackets (use '> >')
    typedef check<check<bool>> right_angle_brackets;
                            ^~
                            > >
conftest.cpp:40:5: error: unknown type name 'decltype'
    decltype(a) b;
    ^
conftest.cpp:40:16: error: expected ';' after top level declarator
    decltype(a) b;
               ^
               ;
conftest.cpp:44:15: warning: rvalue references are a C++11 extension [-Wc++11-extensions]
    check_type&& cr = static_cast<check_type&&>(c);
              ^
conftest.cpp:44:45: warning: rvalue references are a C++11 extension [-Wc++11-extensions]
    check_type&& cr = static_cast<check_type&&>(c);
                                            ^
conftest.cpp:46:5: warning: 'auto' type specifier is a C++11 extension [-Wc++11-extensions]
    auto d = a;
    ^
conftest.cpp:47:5: warning: 'auto' type specifier is a C++11 extension [-Wc++11-extensions]
    auto l = [](){};
    ^
conftest.cpp:47:14: error: expected expression
    auto l = [](){};
             ^
5 warnings and 7 errors generated.
configure:15760: $? = 1
configure: failed program was:
| /* confdefs.h */
| #define PACKAGE_NAME "libcmaes"
| #define PACKAGE_TARNAME "libcmaes"
| #define PACKAGE_VERSION "0.9.5"
| #define PACKAGE_STRING "libcmaes 0.9.5"
| #define PACKAGE_BUGREPORT ""
| #define PACKAGE_URL ""
| #define PACKAGE "libcmaes"
| #define VERSION "0.9.5"
| #define STDC_HEADERS 1
| #define HAVE_SYS_TYPES_H 1
| #define HAVE_SYS_STAT_H 1
| #define HAVE_STDLIB_H 1
| #define HAVE_STRING_H 1
| #define HAVE_MEMORY_H 1
| #define HAVE_STRINGS_H 1
| #define HAVE_INTTYPES_H 1
| #define HAVE_STDINT_H 1
| #define HAVE_UNISTD_H 1
| #define HAVE_DLFCN_H 1
| #define LT_OBJDIR ".libs/"
| /* end confdefs.h.  */
| 
|   template <typename T>
|     struct check
|     {
|       static_assert(sizeof(int) <= sizeof(T), "not big enough");
|     };
| 
|     struct Base {
|     virtual void f() {}
|     };
|     struct Child : public Base {
|     virtual void f() override {}
|     };
| 
|     typedef check<check<bool>> right_angle_brackets;
| 
|     int a;
|     decltype(a) b;
| 
|     typedef check<int> check_type;
|     check_type c;
|     check_type&& cr = static_cast<check_type&&>(c);
| 
|     auto d = a;
|     auto l = [](){};
| 
configure:15767: result: no
configure:15776: checking whether clang++ supports C++11 features with -std=gnu++11
configure:15812: clang++ -c -g -O2 -std=gnu++11  conftest.cpp >&5
configure:15812: $? = 0
configure:15821: result: yes
configure:15920: checking for eigen3
configure:15931: checking for /usr/include/eigen3/Eigen
configure:15945: result: no
configure:15950: checking for /usr/local/include/eigen3
configure:15963: result: no
configure:15977: checking Eigen/Dense usability
configure:15977: clang++ -c -g -O2 -std=gnu++11  -I/usr/include/eigen3 conftest.cpp >&5
conftest.cpp:56:10: fatal error: 'Eigen/Dense' file not found
#include <Eigen/Dense>
         ^
1 error generated.
configure:15977: $? = 1
configure: failed program was:
| /* confdefs.h */
| #define PACKAGE_NAME "libcmaes"
| #define PACKAGE_TARNAME "libcmaes"
| #define PACKAGE_VERSION "0.9.5"
| #define PACKAGE_STRING "libcmaes 0.9.5"
| #define PACKAGE_BUGREPORT ""
| #define PACKAGE_URL ""
| #define PACKAGE "libcmaes"
| #define VERSION "0.9.5"
| #define STDC_HEADERS 1
| #define HAVE_SYS_TYPES_H 1
| #define HAVE_SYS_STAT_H 1
| #define HAVE_STDLIB_H 1
| #define HAVE_STRING_H 1
| #define HAVE_MEMORY_H 1
| #define HAVE_STRINGS_H 1
| #define HAVE_INTTYPES_H 1
| #define HAVE_STDINT_H 1
| #define HAVE_UNISTD_H 1
| #define HAVE_DLFCN_H 1
| #define LT_OBJDIR ".libs/"
| /* end confdefs.h.  */
| #include <stdio.h>
| #ifdef HAVE_SYS_TYPES_H
| # include <sys/types.h>
| #endif
| #ifdef HAVE_SYS_STAT_H
| # include <sys/stat.h>
| #endif
| #ifdef STDC_HEADERS
| # include <stdlib.h>
| # include <stddef.h>
| #else
| # ifdef HAVE_STDLIB_H
| #  include <stdlib.h>
| # endif
| #endif
| #ifdef HAVE_STRING_H
| # if !defined STDC_HEADERS && defined HAVE_MEMORY_H
| #  include <memory.h>
| # endif
| # include <string.h>
| #endif
| #ifdef HAVE_STRINGS_H
| # include <strings.h>
| #endif
| #ifdef HAVE_INTTYPES_H
| # include <inttypes.h>
| #endif
| #ifdef HAVE_STDINT_H
| # include <stdint.h>
| #endif
| #ifdef HAVE_UNISTD_H
| # include <unistd.h>
| #endif
| #include <Eigen/Dense>
configure:15977: result: no
configure:15977: checking Eigen/Dense presence
configure:15977: clang++ -E  -I/usr/include/eigen3 conftest.cpp
conftest.cpp:23:10: fatal error: 'Eigen/Dense' file not found
#include <Eigen/Dense>
         ^
1 error generated.
configure:15977: $? = 1
configure: failed program was:
| /* confdefs.h */
| #define PACKAGE_NAME "libcmaes"
| #define PACKAGE_TARNAME "libcmaes"
| #define PACKAGE_VERSION "0.9.5"
| #define PACKAGE_STRING "libcmaes 0.9.5"
| #define PACKAGE_BUGREPORT ""
| #define PACKAGE_URL ""
| #define PACKAGE "libcmaes"
| #define VERSION "0.9.5"
| #define STDC_HEADERS 1
| #define HAVE_SYS_TYPES_H 1
| #define HAVE_SYS_STAT_H 1
| #define HAVE_STDLIB_H 1
| #define HAVE_STRING_H 1
| #define HAVE_MEMORY_H 1
| #define HAVE_STRINGS_H 1
| #define HAVE_INTTYPES_H 1
| #define HAVE_STDINT_H 1
| #define HAVE_UNISTD_H 1
| #define HAVE_DLFCN_H 1
| #define LT_OBJDIR ".libs/"
| /* end confdefs.h.  */
| #include <Eigen/Dense>
configure:15977: result: no
configure:15977: checking for Eigen/Dense
configure:15977: result: no
configure:15990: error: Cannot find Eigen3

## ---------------- ##
## Cache variables. ##
## ---------------- ##

ac_cv_build=x86_64-apple-darwin15.0.0
ac_cv_c_compiler_gnu=yes
ac_cv_cxx_compiler_gnu=yes
ac_cv_env_CCC_set=
ac_cv_env_CCC_value=
ac_cv_env_CC_set=
ac_cv_env_CC_value=
ac_cv_env_CFLAGS_set=
ac_cv_env_CFLAGS_value=
ac_cv_env_CPPFLAGS_set=
ac_cv_env_CPPFLAGS_value=
ac_cv_env_CPP_set=
ac_cv_env_CPP_value=
ac_cv_env_CXXCPP_set=
ac_cv_env_CXXCPP_value=
ac_cv_env_CXXFLAGS_set=
ac_cv_env_CXXFLAGS_value=
ac_cv_env_CXX_set=
ac_cv_env_CXX_value=
ac_cv_env_LDFLAGS_set=
ac_cv_env_LDFLAGS_value=
ac_cv_env_LIBS_set=
ac_cv_env_LIBS_value=
ac_cv_env_LT_SYS_LIBRARY_PATH_set=
ac_cv_env_LT_SYS_LIBRARY_PATH_value=
ac_cv_env_PYTHON_VERSION_set=
ac_cv_env_PYTHON_VERSION_value=
ac_cv_env_build_alias_set=
ac_cv_env_build_alias_value=
ac_cv_env_host_alias_set=
ac_cv_env_host_alias_value=
ac_cv_env_target_alias_set=
ac_cv_env_target_alias_value=
ac_cv_file__usr_include_eigen3_Eigen=no
ac_cv_file__usr_local_include_eigen3=no
ac_cv_header_Eigen_Dense=no
ac_cv_header_dlfcn_h=yes
ac_cv_header_inttypes_h=yes
ac_cv_header_memory_h=yes
ac_cv_header_stdc=yes
ac_cv_header_stdint_h=yes
ac_cv_header_stdlib_h=yes
ac_cv_header_string_h=yes
ac_cv_header_strings_h=yes
ac_cv_header_sys_stat_h=yes
ac_cv_header_sys_types_h=yes
ac_cv_header_unistd_h=yes
ac_cv_host=x86_64-apple-darwin15.0.0
ac_cv_objext=o
ac_cv_path_EGREP='/usr/local/bin/ggrep -E'
ac_cv_path_FGREP='/usr/local/bin/ggrep -F'
ac_cv_path_GREP=/usr/local/bin/ggrep
ac_cv_path_SED=/usr/local/bin/gsed
ac_cv_path_install='/usr/local/bin/ginstall -c'
ac_cv_path_lt_DD=/bin/dd
ac_cv_path_mkdir=/usr/local/bin/gmkdir
ac_cv_prog_AWK=gawk
ac_cv_prog_CPP='clang++ -E'
ac_cv_prog_CXXCPP='clang++ -E'
ac_cv_prog_ac_ct_AR=ar
ac_cv_prog_ac_ct_CC=clang++
ac_cv_prog_ac_ct_CXX=clang++
ac_cv_prog_ac_ct_DSYMUTIL=dsymutil
ac_cv_prog_ac_ct_LIPO=lipo
ac_cv_prog_ac_ct_NMEDIT=nmedit
ac_cv_prog_ac_ct_OTOOL=otool
ac_cv_prog_ac_ct_RANLIB=ranlib
ac_cv_prog_ac_ct_STRIP=strip
ac_cv_prog_cc_c89=no
ac_cv_prog_cc_g=yes
ac_cv_prog_cxx_g=yes
ac_cv_prog_make_make_set=yes
am_cv_CC_dependencies_compiler_type=gcc3
am_cv_CXX_dependencies_compiler_type=gcc3
am_cv_make_support_nested_variables=yes
am_cv_prog_cc_c_o=yes
ax_cv_cxx_compile_cxx11=no
ax_cv_cxx_compile_cxx11__std_gnupp11=yes
lt_cv_apple_cc_single_mod=yes
lt_cv_ar_at_file=no
lt_cv_deplibs_check_method=pass_all
lt_cv_file_magic_cmd='$MAGIC_CMD'
lt_cv_file_magic_test_file=
lt_cv_ld_exported_symbols_list=yes
lt_cv_ld_force_load=yes
lt_cv_ld_reload_flag=-r
lt_cv_nm_interface='BSD nm'
lt_cv_objdir=.libs
lt_cv_path_LD=/Applications/Xcode.app/Contents/Developer/Toolchains/XcodeDefault.xctoolchain/usr/bin/ld
lt_cv_path_LDCXX=/Applications/Xcode.app/Contents/Developer/Toolchains/XcodeDefault.xctoolchain/usr/bin/ld
lt_cv_path_NM=/usr/bin/nm
lt_cv_path_mainfest_tool=no
lt_cv_prog_compiler_c_o=yes
lt_cv_prog_compiler_c_o_CXX=yes
lt_cv_prog_compiler_pic='-fno-common -DPIC'
lt_cv_prog_compiler_pic_CXX='-fno-common -DPIC'
lt_cv_prog_compiler_pic_works=yes
lt_cv_prog_compiler_pic_works_CXX=yes
lt_cv_prog_compiler_rtti_exceptions=yes
lt_cv_prog_compiler_static_works=no
lt_cv_prog_compiler_static_works_CXX=no
lt_cv_prog_gnu_ld=no
lt_cv_prog_gnu_ldcxx=no
lt_cv_sharedlib_from_linklib_cmd='printf %s\n'
lt_cv_sys_global_symbol_pipe='sed -n -e '\''s/^.*[	 ]\([BCDEGRST][BCDEGRST]*\)[	 ][	 ]*_\([_A-Za-z][_A-Za-z0-9]*\)$/\1 _\2 \2/p'\'' | sed '\''/ __gnu_lto/d'\'''
lt_cv_sys_global_symbol_to_c_name_address='sed -n -e '\''s/^: \(.*\) .*$/  {"\1", (void *) 0},/p'\'' -e '\''s/^[BCDEGRST][BCDEGRST]* .* \(.*\)$/  {"\1", (void *) \&\1},/p'\'''
lt_cv_sys_global_symbol_to_c_name_address_lib_prefix='sed -n -e '\''s/^: \(.*\) .*$/  {"\1", (void *) 0},/p'\'' -e '\''s/^[BCDEGRST][BCDEGRST]* .* \(lib.*\)$/  {"\1", (void *) \&\1},/p'\'' -e '\''s/^[BCDEGRST][BCDEGRST]* .* \(.*\)$/  {"lib\1", (void *) \&\1},/p'\'''
lt_cv_sys_global_symbol_to_cdecl='sed -n -e '\''s/^T .* \(.*\)$/extern int \1();/p'\'' -e '\''s/^[BCDEGRST][BCDEGRST]* .* \(.*\)$/extern char \1;/p'\'''
lt_cv_sys_global_symbol_to_import=
lt_cv_sys_max_cmd_len=196608
lt_cv_to_host_file_cmd=func_convert_file_noop
lt_cv_to_tool_file_cmd=func_convert_file_noop
lt_cv_truncate_bin='/bin/dd bs=4096 count=1'

## ----------------- ##
## Output variables. ##
## ----------------- ##

ACLOCAL='${SHELL} /Users/stevenjames/Documents/libcmaes/missing aclocal-1.15'
AMDEPBACKSLASH='\'
AMDEP_FALSE='#'
AMDEP_TRUE=''
AMTAR='$${TAR-tar}'
AM_BACKSLASH='\'
AM_DEFAULT_V='$(AM_DEFAULT_VERBOSITY)'
AM_DEFAULT_VERBOSITY='1'
AM_V='$(V)'
AR='ar'
AUTOCONF='${SHELL} /Users/stevenjames/Documents/libcmaes/missing autoconf'
AUTOHEADER='${SHELL} /Users/stevenjames/Documents/libcmaes/missing autoheader'
AUTOMAKE='${SHELL} /Users/stevenjames/Documents/libcmaes/missing automake-1.15'
AWK='gawk'
BOOST_PYTHON_LIB=''
CC='clang++'
CCDEPMODE='depmode=gcc3'
CFLAGS='-g -O2'
CPP='clang++ -E'
CPPFLAGS=''
CXX='clang++'
CXXCPP='clang++ -E'
CXXDEPMODE='depmode=gcc3'
CXXFLAGS='-g -O2 -std=gnu++11'
CYGPATH_W='echo'
DEFS=''
DEPDIR='.deps'
DLLTOOL='false'
DSYMUTIL='dsymutil'
DUMPBIN=''
ECHO_C='\c'
ECHO_N=''
ECHO_T=''
EGREP='/usr/local/bin/ggrep -E'
EIGEN3_INC=''
EXEEXT=''
FGREP='/usr/local/bin/ggrep -F'
GFLAGS_CFLAGS=''
GFLAGS_LIBS=''
GLOG_LIBS=''
GREP='/usr/local/bin/ggrep'
HAVE_BBOB_FALSE=''
HAVE_BBOB_TRUE=''
HAVE_CLANG_FALSE='#'
HAVE_CLANG_TRUE=''
HAVE_CXX11=''
HAVE_EIGEN3_FALSE=''
HAVE_EIGEN3_TRUE=''
HAVE_GFLAGS_FALSE=''
HAVE_GFLAGS_TRUE=''
HAVE_GTEST_FALSE=''
HAVE_GTEST_TRUE=''
HAVE_ONLYLIB_FALSE=''
HAVE_ONLYLIB_TRUE=''
HAVE_PYTHON_FALSE=''
HAVE_PYTHON_TRUE=''
HAVE_SURROG_FALSE=''
HAVE_SURROG_TRUE=''
INSTALL_DATA='${INSTALL} -m 644'
INSTALL_PROGRAM='${INSTALL}'
INSTALL_SCRIPT='${INSTALL}'
INSTALL_STRIP_PROGRAM='$(install_sh) -c -s'
LD='/Applications/Xcode.app/Contents/Developer/Toolchains/XcodeDefault.xctoolchain/usr/bin/ld'
LDFLAGS=''
LIBOBJS=''
LIBS=''
LIBTOOL='$(SHELL) $(top_builddir)/libtool'
LIPO='lipo'
LN_S='ln -s'
LTLIBOBJS=''
LT_SYS_LIBRARY_PATH=''
MAKEINFO='${SHELL} /Users/stevenjames/Documents/libcmaes/missing makeinfo'
MANIFEST_TOOL=':'
MKDIR_P='/usr/local/bin/gmkdir -p'
NM='/usr/bin/nm'
NMEDIT='nmedit'
NUMPY_HEADER=''
NUMPY_INCLUDE_DIR=''
OBJDUMP='false'
OBJEXT='o'
OTOOL64=':'
OTOOL='otool'
PACKAGE='libcmaes'
PACKAGE_BUGREPORT=''
PACKAGE_NAME='libcmaes'
PACKAGE_STRING='libcmaes 0.9.5'
PACKAGE_TARNAME='libcmaes'
PACKAGE_URL=''
PACKAGE_VERSION='0.9.5'
PATH_SEPARATOR=':'
PYTHON=''
PYTHON_CPPFLAGS=''
PYTHON_EXTRA_LDFLAGS=''
PYTHON_EXTRA_LIBS=''
PYTHON_LDFLAGS=''
PYTHON_SITE_PKG=''
PYTHON_VERSION=''
RANLIB='ranlib'
SED='/usr/local/bin/gsed'
SET_MAKE=''
SHELL='/bin/sh'
STRIP='strip'
VERSION='0.9.5'
ac_ct_AR='ar'
ac_ct_CC='clang++'
ac_ct_CXX='clang++'
ac_ct_DUMPBIN=''
am__EXEEXT_FALSE=''
am__EXEEXT_TRUE=''
am__fastdepCC_FALSE='#'
am__fastdepCC_TRUE=''
am__fastdepCXX_FALSE='#'
am__fastdepCXX_TRUE=''
am__include='include'
am__isrc=''
am__leading_dot='.'
am__nodep='_no'
am__quote=''
am__tar='$${TAR-tar} chof - "$$tardir"'
am__untar='$${TAR-tar} xf -'
bindir='${exec_prefix}/bin'
build='x86_64-apple-darwin15.0.0'
build_alias=''
build_cpu='x86_64'
build_os='darwin15.0.0'
build_vendor='apple'
datadir='${datarootdir}'
datarootdir='${prefix}/share'
docdir='${datarootdir}/doc/${PACKAGE_TARNAME}'
dvidir='${docdir}'
exec_prefix='NONE'
host='x86_64-apple-darwin15.0.0'
host_alias=''
host_cpu='x86_64'
host_os='darwin15.0.0'
host_vendor='apple'
htmldir='${docdir}'
includedir='${prefix}/include'
infodir='${datarootdir}/info'
install_sh='${SHELL} /Users/stevenjames/Documents/libcmaes/install-sh'
libdir='${exec_prefix}/lib'
libexecdir='${exec_prefix}/libexec'
localedir='${datarootdir}/locale'
localstatedir='${prefix}/var'
mandir='${datarootdir}/man'
mkdir_p='$(MKDIR_P)'
oldincludedir='/usr/include'
pdfdir='${docdir}'
prefix='NONE'
program_transform_name='s,x,x,'
psdir='${docdir}'
sbindir='${exec_prefix}/sbin'
sharedstatedir='${prefix}/com'
sysconfdir='${prefix}/etc'
target_alias=''

## ----------- ##
## confdefs.h. ##
## ----------- ##

/* confdefs.h */
#define PACKAGE_NAME "libcmaes"
#define PACKAGE_TARNAME "libcmaes"
#define PACKAGE_VERSION "0.9.5"
#define PACKAGE_STRING "libcmaes 0.9.5"
#define PACKAGE_BUGREPORT ""
#define PACKAGE_URL ""
#define PACKAGE "libcmaes"
#define VERSION "0.9.5"
#define STDC_HEADERS 1
#define HAVE_SYS_TYPES_H 1
#define HAVE_SYS_STAT_H 1
#define HAVE_STDLIB_H 1
#define HAVE_STRING_H 1
#define HAVE_MEMORY_H 1
#define HAVE_STRINGS_H 1
#define HAVE_INTTYPES_H 1
#define HAVE_STDINT_H 1
#define HAVE_UNISTD_H 1
#define HAVE_DLFCN_H 1
#define LT_OBJDIR ".libs/"

configure: exit 1
